2025-05-18 20:02:06,837 - INFO - clinica_veterinaria - Se ha registrado exitosamente el dueño Parcerote
2025-05-18 20:02:06,838 - ERROR - clinica_veterinaria - Ha ocurrido un error registrando unna nueva mascota o dueño: 'str' object has no attribute 'str'
2025-05-18 20:06:42,718 - INFO - clinica_veterinaria - Se ha registrado exitosamente el dueño Parcerote
2025-05-18 20:06:42,720 - ERROR - clinica_veterinaria - Ha ocurrido un error registrando una nueva mascota o dueño: 'bool' object has no attribute 'isdigit'
2025-05-18 20:08:46,343 - ERROR - clinica_veterinaria - Ha ocurrido el siguiente error al registrar el dueño: Número de teléfono inválido
2025-05-18 20:08:46,345 - ERROR - clinica_veterinaria - Ha ocurrido un error registrando una nueva mascota o dueño: Número de teléfono inválido
2025-05-18 20:09:24,321 - INFO - clinica_veterinaria - Se ha registrado exitosamente el dueño B
2025-05-18 20:09:24,321 - ERROR - clinica_veterinaria - Ha ocurrido un error registrando una nueva mascota o dueño: 'bool' object has no attribute 'isdigit'
2025-05-18 20:11:30,546 - INFO - clinica_veterinaria - Se ha registrado exitosamente el dueño B
2025-05-18 20:14:09,668 - INFO - clinica_veterinaria - Se ha registrado exitosamente el dueño B
2025-05-18 20:14:09,669 - INFO - clinica_veterinaria - La mascota {self.nombre} se ha creado exitosamente.
2025-05-18 20:15:21,921 - ERROR - clinica_veterinaria - Ha ocurrido el siguiente error al registrar el dueño: Número de teléfono inválido
2025-05-18 20:15:21,922 - ERROR - clinica_veterinaria - Ha ocurrido un error registrando una nueva mascota o dueño: Número de teléfono inválido
2025-05-18 20:18:23,424 - ERROR - clinica_veterinaria - Ha ocurrido el siguiente error al registrar el dueno: Numero de telefono invalido
2025-05-18 20:18:23,427 - ERROR - clinica_veterinaria - Ha ocurrido un error registrando una nueva mascota o dueño: Numero de telefono invalido
2025-05-18 20:22:29,137 - ERROR - clinica_veterinaria - Ha ocurrido un error en el menú, vuelva a intentar.
2025-05-18 20:26:02,844 - ERROR - clinica_veterinaria - Ha ocurrido un error en el menu, vuelva a intentar.
2025-05-18 20:26:02,845 - INFO - clinica_veterinaria - Se vuelve a iniciar el menu.
2025-05-18 20:28:45,176 - CRITICAL - clinica_veterinaria - Ha ocurrido un error en el menu, vuelva a intentar.
2025-05-18 20:29:21,298 - ERROR - clinica_veterinaria - Ha ocurrido el siguiente error al registrar el dueno: El argumento no puede estar vacio.
2025-05-18 20:29:21,298 - ERROR - clinica_veterinaria - Ha ocurrido un error registrando una nueva mascota o dueño: El argumento no puede estar vacio.
2025-05-18 20:30:36,654 - INFO - clinica_veterinaria - Se ha registrado exitosamente el dueño A
2025-05-18 20:30:36,655 - ERROR - clinica_veterinaria - Ha ocurrido un error creaando la mascota: El argumento no puede estar vacio.
2025-05-18 20:30:36,655 - ERROR - clinica_veterinaria - Ha ocurrido un error registrando una nueva mascota o dueño: El argumento no puede estar vacio.
2025-05-18 20:33:23,663 - CRITICAL - clinica_veterinaria - Ha ocurrido un error fatal en el menu.
2025-05-18 20:36:21,921 - CRITICAL - clinica_veterinaria - Ha ocurrido un error fatal en el menu.
2025-05-18 20:37:01,325 - INFO - clinica_veterinaria - Se ha registrado exitosamente el dueño Parcerote
2025-05-18 20:37:01,325 - INFO - clinica_veterinaria - La mascota Parcerito se ha creado exitosamente.
2025-05-18 20:37:09,609 - INFO - clinica_veterinaria - Mascotas listadas con exito.
2025-05-18 20:37:43,267 - WARNING - clinica_veterinaria - Cuidado, intento de buscar mascota parcerito sin nombre registrado
2025-05-18 20:38:40,385 - CRITICAL - clinica_veterinaria - Ha ocurrido un error fatal en el menu.
2025-05-18 20:39:22,157 - INFO - clinica_veterinaria - Se ha registrado exitosamente el dueño Parcerote
2025-05-18 20:39:22,157 - INFO - clinica_veterinaria - La mascota Parcerito se ha creado exitosamente.
2025-05-18 20:39:49,038 - INFO - clinica_veterinaria - La consulta se ha registrado correctamente.
2025-05-18 20:40:31,899 - ERROR - clinica_veterinaria - Fecha invalida ingresada: '12' -> time data '12' does not match format '%d/%m/%Y'
2025-05-18 20:40:31,899 - ERROR - clinica_veterinaria - Ha ocurrido un error al registrar la consulta: El argumento no puede estar vacio.
2025-05-18 20:42:27,820 - WARNING - clinica_veterinaria - Error al mostrar historial: 'Consulta' object has no attribute 'mascota'
2025-05-18 20:45:40,344 - WARNING - clinica_veterinaria - Error al mostrar historial: 'Consulta' object has no attribute 'mascota'
2025-05-18 20:47:03,020 - INFO - clinica_veterinaria - Se ha registrado exitosamente el dueño B
2025-05-18 20:47:03,022 - INFO - clinica_veterinaria - La mascota A se ha creado exitosamente.
2025-05-18 20:47:08,932 - WARNING - clinica_veterinaria - Cuidado, intento de buscar mascota A sin nombre registrado
2025-05-18 20:47:42,326 - INFO - clinica_veterinaria - Mascotas listadas con exito.
2025-05-18 20:47:57,716 - WARNING - clinica_veterinaria - Cuidado, intento de buscar mascota A sin nombre registrado
2025-05-18 20:48:45,907 - INFO - clinica_veterinaria - Mascotas listadas con exito.
2025-05-18 20:50:39,705 - INFO - clinica_veterinaria - Se ha registrado exitosamente el dueño B
2025-05-18 20:50:39,705 - INFO - clinica_veterinaria - La mascota A se ha creado exitosamente.
2025-05-18 20:50:42,450 - INFO - clinica_veterinaria - Mascotas listadas con exito.
2025-05-18 20:51:07,314 - INFO - clinica_veterinaria - La consulta se ha registrado correctamente.
2025-05-18 20:51:15,971 - WARNING - clinica_veterinaria - Mascota a sin historial registrado
2025-05-18 21:02:29,017 - INFO - clinica_veterinaria - La mascota Parcerito fue asignada a un dueño ya existente (B).
2025-05-18 21:02:29,018 - INFO - clinica_veterinaria - La mascota Parcerito se ha creado exitosamente.
2025-05-18 21:02:57,065 - INFO - clinica_veterinaria - La consulta se ha registrado correctamente.
2025-05-18 21:03:16,137 - WARNING - clinica_veterinaria - Mascota a sin historial registrado
2025-05-18 21:03:21,355 - INFO - clinica_veterinaria - Mascotas listadas con exito.
2025-05-18 21:03:23,082 - INFO - clinica_veterinaria - Mascotas listadas con exito.
2025-05-18 21:04:15,206 - ERROR - clinica_veterinaria - Fecha invalida ingresada: '' -> time data '' does not match format '%d/%m/%Y'
2025-05-18 21:04:15,206 - ERROR - clinica_veterinaria - Ha ocurrido un error al registrar la consulta: El argumento no puede estar vacio.
2025-05-18 21:04:21,447 - ERROR - clinica_veterinaria - Error al mostrar historial: 'Consulta' object has no attribute 'mascota'
2025-05-19 14:49:35,208 - INFO - clinica_veterinaria - Se ha registrado exitosamente el dueño Parcerote
2025-05-19 14:49:35,212 - INFO - clinica_veterinaria - La mascota Parcerito se ha creado exitosamente.
2025-05-19 14:50:25,697 - INFO - clinica_veterinaria - La consulta se ha registrado correctamente.
2025-05-19 14:51:11,560 - ERROR - clinica_veterinaria - Fecha inválida ingresada: '' -> time data '' does not match format '%d/%m/%Y'
2025-05-19 14:51:11,561 - ERROR - clinica_veterinaria - Ha ocurrido un error al registrar la consulta: El argumento no puede estar vacío.
2025-05-19 14:51:25,713 - ERROR - clinica_veterinaria - Error al mostrar historial: 'Consulta' object has no attribute 'mascota'
2025-05-19 14:53:08,307 - CRITICAL - clinica_veterinaria - Ha ocurrido un error fatal en el menu.
2025-05-19 14:54:35,244 - ERROR - clinica_veterinaria - Ha ocurrido el siguiente error al registrar el dueno: El argumento no puede estar vacío.
2025-05-19 14:54:35,244 - ERROR - clinica_veterinaria - Ha ocurrido un error registrando una nueva mascota o dueño: El argumento no puede estar vacío.
2025-05-19 14:55:39,231 - INFO - clinica_veterinaria - Se ha registrado exitosamente el dueño Parcero
2025-05-19 14:55:39,232 - INFO - clinica_veterinaria - La mascota Parcerito se ha creado exitosamente.
2025-05-19 14:56:09,257 - ERROR - clinica_veterinaria - Fecha inválida ingresada: '01/187/1' -> time data '01/187/1' does not match format '%d/%m/%Y'
2025-05-19 14:56:09,257 - INFO - clinica_veterinaria - La consulta se ha registrado correctamente.
2025-05-19 14:57:08,028 - CRITICAL - clinica_veterinaria - Ha ocurrido un error fatal en el menu.
2025-05-19 14:57:46,513 - INFO - clinica_veterinaria - Se ha registrado exitosamente el dueño Parcero
2025-05-19 14:57:46,514 - INFO - clinica_veterinaria - La mascota Parcerito se ha creado exitosamente.
2025-05-19 14:57:57,305 - WARNING - clinica_veterinaria - Cuidado, intento de buscar mascota Parcerit sin nombre registrado.
2025-05-19 14:58:14,555 - ERROR - clinica_veterinaria - Fecha inválida ingresada: '01/187/1' -> time data '01/187/1' does not match format '%d/%m/%Y'
2025-05-19 14:58:14,555 - INFO - clinica_veterinaria - La consulta se ha registrado correctamente.
2025-05-19 14:59:53,079 - INFO - clinica_veterinaria - La consulta se ha registrado correctamente.
2025-05-19 15:02:01,457 - ERROR - clinica_veterinaria - Fecha inválida ingresada: '' -> time data '' does not match format '%d/%m/%Y'
2025-05-19 15:02:01,457 - ERROR - clinica_veterinaria - Ha ocurrido un error al registrar la consulta: El argumento no puede estar vacío.
2025-05-19 15:02:37,041 - ERROR - clinica_veterinaria - Error al mostrar historial: 'Consulta' object has no attribute 'mascota'
2025-05-19 15:04:11,148 - INFO - clinica_veterinaria - Se ha registrado exitosamente el dueño Parcero
2025-05-19 15:04:11,148 - INFO - clinica_veterinaria - La mascota Parcerito se ha creado exitosamente.
2025-05-19 15:04:29,573 - ERROR - clinica_veterinaria - Ha ocurrido un error al registrar la consulta: El argumento no puede estar vacío.
2025-05-19 15:04:39,893 - ERROR - clinica_veterinaria - Error al mostrar historial: 'Consulta' object has no attribute 'mascota'
2025-05-19 15:05:23,000 - INFO - clinica_veterinaria - Se ha registrado exitosamente el dueño Parcero
2025-05-19 15:05:23,000 - INFO - clinica_veterinaria - La mascota Parcerito se ha creado exitosamente.
2025-05-19 15:05:43,122 - ERROR - clinica_veterinaria - Ha ocurrido un error al registrar la consulta: El argumento no puede estar vacío.
2025-05-19 15:05:49,639 - ERROR - clinica_veterinaria - Error al mostrar historial: 'Consulta' object has no attribute 'mascota'
2025-05-19 15:31:10,389 - INFO - clinica_veterinaria - Se ha registrado exitosamente el dueño Parcero
2025-05-19 15:31:10,389 - INFO - clinica_veterinaria - La mascota Parcerito se ha creado exitosamente.
2025-05-19 15:31:24,196 - ERROR - clinica_veterinaria - Fecha inválida ingresada: '' -> time data '' does not match format '%d/%m/%Y'
2025-05-19 15:31:24,196 - ERROR - clinica_veterinaria - Ha ocurrido un error al registrar la consulta: Formato de fecha inválido. Use dd/mm/aaaa.
2025-05-19 15:31:24,196 - ERROR - clinica_veterinaria - Error al registrar consulta: Formato de fecha inválido. Use dd/mm/aaaa.
2025-05-19 15:31:48,208 - WARNING - clinica_veterinaria - Mascota Parcerito sin historial registrado.
2025-05-22 21:16:59,937 - CRITICAL - clinica_veterinaria - Ha ocurrido un error fatal en el menu.
2025-05-22 21:19:50,651 - INFO - clinica_veterinaria - Se ha registrado exitosamente el dueño Jorim
2025-05-22 21:19:50,652 - INFO - clinica_veterinaria - La mascota Pepito se ha creado exitosamente.
2025-05-22 21:20:04,858 - WARNING - clinica_veterinaria - Cuidado, intento de buscar mascota Pepito sin nombre registrado.
2025-05-22 21:21:30,849 - INFO - clinica_veterinaria - Se ha registrado exitosamente el dueño Jerom
2025-05-22 21:21:30,850 - INFO - clinica_veterinaria - La mascota Pepito se ha creado exitosamente.
2025-05-22 21:21:38,075 - WARNING - clinica_veterinaria - Cuidado, intento de buscar mascota Pepito sin nombre registrado.
2025-05-22 21:21:53,130 - WARNING - clinica_veterinaria - Cuidado, intento de buscar mascota Pepito sin nombre registrado.
2025-05-22 21:22:08,755 - INFO - clinica_veterinaria - Mascotas listadas con éxito.
2025-05-22 21:27:26,302 - CRITICAL - clinica_veterinaria - Ha ocurrido un error fatal en el menu.
2025-05-22 21:28:01,072 - INFO - clinica_veterinaria - La consulta se ha registrado correctamente.
2025-05-22 21:28:45,090 - INFO - clinica_veterinaria - Se ha registrado exitosamente el dueño Jerome
2025-05-22 21:28:45,091 - INFO - clinica_veterinaria - La mascota Pepito se ha creado exitosamente.
2025-05-22 21:28:52,786 - WARNING - clinica_veterinaria - Cuidado, intento de buscar mascota Pepito sin nombre registrado.
2025-05-22 21:33:04,990 - CRITICAL - clinica_veterinaria - Ha ocurrido un error fatal en el menu.
2025-05-22 21:33:27,177 - INFO - clinica_veterinaria - La consulta se ha registrado correctamente.
2025-05-22 21:33:52,885 - INFO - clinica_veterinaria - Se ha registrado exitosamente el dueño Erom
2025-05-22 21:33:52,885 - INFO - clinica_veterinaria - La mascota Pepito se ha creado exitosamente.
2025-05-22 21:33:59,766 - WARNING - clinica_veterinaria - Cuidado, intento de buscar mascota Pepito sin nombre registrado.
2025-05-22 21:34:33,209 - CRITICAL - clinica_veterinaria - Ha ocurrido un error fatal en el menu.
2025-05-22 21:35:28,828 - INFO - clinica_veterinaria - La consulta se ha registrado correctamente.
2025-05-22 21:36:00,898 - INFO - clinica_veterinaria - Se ha registrado exitosamente el dueño Eronm
2025-05-22 21:36:00,899 - INFO - clinica_veterinaria - La mascota Pepito se ha creado exitosamente.
2025-05-22 21:36:32,162 - INFO - clinica_veterinaria - La consulta se ha registrado correctamente.
2025-05-22 21:37:47,306 - WARNING - clinica_veterinaria - Cuidado, nombre de mascota no encontrado.
2025-05-22 21:43:02,591 - CRITICAL - clinica_veterinaria - Ha ocurrido un error fatal en el menu.
2025-05-22 22:02:46,249 - ERROR - clinica_veterinaria - Ha ocurrido el siguiente error al registrar el dueno: El argumento no puede estar vacío.
2025-05-22 22:04:21,076 - ERROR - clinica_veterinaria - Ha ocurrido el siguiente error al registrar el dueno: Número de teléfono inválido
2025-05-22 22:09:28,506 - INFO - clinica_veterinaria - La mascota Erom se ha creado exitosamente.
2025-05-22 22:09:28,536 - INFO - clinica_veterinaria - La consulta se ha registrado correctamente.
2025-05-22 22:10:49,289 - INFO - clinica_veterinaria - Se ha registrado exitosamente el dueño Jerom
2025-05-22 22:10:49,289 - INFO - clinica_veterinaria - La mascota Pepito se ha creado exitosamente.
2025-05-22 22:36:21,654 - CRITICAL - clinica_veterinaria - Ha ocurrido un error fatal en el menu.
2025-05-22 22:37:50,783 - INFO - clinica_veterinaria - La consulta se ha registrado correctamente.
2025-05-22 22:38:20,304 - INFO - clinica_veterinaria - Se ha registrado exitosamente el dueño Jero
2025-05-22 22:38:20,304 - INFO - clinica_veterinaria - La mascota Pepito se ha creado exitosamente.
2025-05-23 20:04:14,171 - INFO - clinica_veterinaria - La consulta se ha registrado correctamente.
2025-05-23 20:05:06,710 - INFO - clinica_veterinaria - Se ha registrado exitosamente el dueño Parcerote
2025-05-23 20:05:06,711 - INFO - clinica_veterinaria - La mascota Parcerito se ha creado exitosamente.
2025-05-23 20:05:06,712 - ERROR - clinica_veterinaria - Ha ocurrido un error registrando una nueva mascota o dueño: [Errno 2] No such file or directory: 'data/Mascota.csv'
2025-05-23 20:06:16,793 - INFO - clinica_veterinaria - La consulta se ha registrado correctamente.
2025-05-23 20:07:03,396 - INFO - clinica_veterinaria - Se ha registrado exitosamente el dueño Parcero
2025-05-23 20:07:03,396 - INFO - clinica_veterinaria - La mascota Parcerito se ha creado exitosamente.
2025-05-23 20:07:03,397 - ERROR - clinica_veterinaria - Ha ocurrido un error registrando una nueva mascota o dueño: [Errno 2] No such file or directory: '../data/Mascota.csv'
2025-05-23 20:10:20,517 - INFO - clinica_veterinaria - La consulta se ha registrado correctamente.
2025-05-23 20:10:44,268 - INFO - clinica_veterinaria - La consulta se ha registrado correctamente.
2025-05-23 20:11:19,191 - INFO - clinica_veterinaria - Se ha registrado exitosamente el dueño Parcero
2025-05-23 20:11:19,192 - INFO - clinica_veterinaria - La mascota Parcerito se ha creado exitosamente.
2025-05-23 20:18:27,733 - INFO - clinica_veterinaria - Mascotas listadas con éxito.
2025-05-23 20:19:07,639 - INFO - clinica_veterinaria - Intento de listar mascotas sin haber registrado ninguna.
2025-05-23 21:51:38,360 - INFO - clinica_veterinaria - Mascotas listadas desde CSV con éxito.
2025-05-23 21:51:55,586 - INFO - clinica_veterinaria - Intento de listar mascotas sin haber registrado ninguna.
2025-05-23 21:52:39,122 - CRITICAL - clinica_veterinaria - Error inesperado en main: invalid literal for int() with base 10: '& C:/Users/Usuario/AppData/Local/Programs/Python/Python313/python.exe "c:/Users/Usuario/Intento de estudiar/Python-Talleres-Fundamentos/gestion_clinica_veterinaria/main.py"'
Traceback (most recent call last):
  File "c:\Users\Usuario\Intento de estudiar\Python-Talleres-Fundamentos\gestion_clinica_veterinaria\main.py", line 40, in main
    accion = int(input("Porfavor ingrese una opción (1-5): "))
             ~~~^^^^^^^^^^^^^^^^^^^^^^^^^^^^^^^^^^^^^^^^^^^^^^
ValueError: invalid literal for int() with base 10: '& C:/Users/Usuario/AppData/Local/Programs/Python/Python313/python.exe "c:/Users/Usuario/Intento de estudiar/Python-Talleres-Fundamentos/gestion_clinica_veterinaria/main.py"'
2025-05-23 21:52:49,081 - INFO - clinica_veterinaria - Mascotas listadas desde CSV con éxito.
2025-05-23 21:54:53,356 - ERROR - clinica_veterinaria - Ha ocurrido un error registrando una nueva mascota o dueño: Número de teléfono inválido
2025-05-23 21:56:53,433 - INFO - clinica_veterinaria - Se ha registrado exitosamente el dueño Dueñoso
2025-05-23 21:56:53,433 - ERROR - clinica_veterinaria - Ha ocurrido un error registrando una nueva mascota o dueño: El argumento nombre no puede estar vacío.
2025-05-23 21:58:11,118 - INFO - clinica_veterinaria - La mascota Danny fue asignada a un dueño ya existente (Dueñoso).
2025-05-23 21:58:11,118 - INFO - clinica_veterinaria - La mascota Danny se ha creado exitosamente.
2025-05-23 21:58:53,182 - INFO - clinica_veterinaria - Mascotas listadas con éxito.
2025-05-23 22:07:35,174 - ERROR - clinica_veterinaria - Error al mostrar mascotas desde CSV: 'dueno_documento'
2025-05-23 22:07:40,384 - INFO - clinica_veterinaria - Intento de listar mascotas sin haber registrado ninguna.
2025-05-25 20:40:52,130 - INFO - clinica_veterinaria - Se ha registrado exitosamente el dueño Max
2025-05-25 20:40:52,131 - INFO - clinica_veterinaria - La mascota Homero se ha creado exitosamente.
2025-05-25 20:41:15,029 - INFO - clinica_veterinaria - Se ha registrado exitosamente el dueño Max
2025-05-25 20:41:15,030 - INFO - clinica_veterinaria - La mascota Homero se ha creado exitosamente.
2025-05-25 20:41:33,762 - INFO - clinica_veterinaria - Mascotas listadas con éxito.
2025-05-25 21:11:56,824 - INFO - clinica_veterinaria - Se ha registrado exitosamente el dueño Max
2025-05-25 21:11:56,824 - INFO - clinica_veterinaria - La mascota Homero se ha creado exitosamente.
2025-05-25 21:12:11,521 - INFO - clinica_veterinaria - Mascotas listadas con éxito.
2025-05-29 19:09:46,072 - INFO - clinica_veterinaria - Se ha registrado exitosamente el dueño Max
2025-05-29 19:09:46,072 - INFO - clinica_veterinaria - La mascota Homero se ha creado exitosamente.
2025-05-29 19:09:46,072 - INFO - clinica_veterinaria - Se cargo la información orrectamente
2025-05-29 19:09:46,072 - ERROR - clinica_veterinaria - El archivo consultas.json no existe. Imposible cargar la información.
2025-05-29 19:11:16,059 - INFO - clinica_veterinaria - Se ha registrado exitosamente el dueño Max
2025-05-29 19:11:16,059 - INFO - clinica_veterinaria - La mascota Homero se ha creado exitosamente.
2025-05-29 19:11:16,059 - INFO - clinica_veterinaria - Se cargo la información orrectamente
2025-05-29 19:11:16,060 - ERROR - clinica_veterinaria - El archivo consultas.json no existe. Imposible cargar la información.
2025-05-29 19:11:41,644 - INFO - clinica_veterinaria - Mascotas listadas con éxito.
2025-05-29 19:12:19,837 - INFO - clinica_veterinaria - La consulta se ha registrado correctamente.
2025-05-29 19:12:19,838 - INFO - clinica_veterinaria - Se han guardado las consultas correctamente.
2025-05-29 19:13:22,168 - WARNING - clinica_veterinaria - Cuidado, intento de buscar mascota  sin nombre registrado.
2025-05-29 19:13:22,169 - INFO - clinica_veterinaria - Se han guardado las consultas correctamente.
2025-05-29 19:13:49,982 - INFO - clinica_veterinaria - La mascota Parcerito fue asignada a un dueño ya existente (Max).
2025-05-29 19:13:49,983 - INFO - clinica_veterinaria - La mascota Parcerito se ha creado exitosamente.
2025-05-29 19:14:40,586 - INFO - clinica_veterinaria - La consulta se ha registrado correctamente.
2025-05-29 19:14:40,587 - INFO - clinica_veterinaria - Se han guardado las consultas correctamente.
2025-05-29 19:15:12,484 - INFO - clinica_veterinaria - Se ha registrado exitosamente el dueño Max
2025-05-29 19:15:12,485 - INFO - clinica_veterinaria - La mascota Homero se ha creado exitosamente.
2025-05-29 19:15:12,485 - INFO - clinica_veterinaria - La mascota Parcerito se ha creado exitosamente.
2025-05-29 19:15:12,485 - INFO - clinica_veterinaria - Se cargo la información orrectamente
2025-05-29 19:15:12,488 - INFO - clinica_veterinaria - La consulta se ha registrado correctamente.
2025-05-29 19:15:12,488 - INFO - clinica_veterinaria - La consulta se ha registrado correctamente.
2025-05-29 19:15:12,488 - INFO - clinica_veterinaria - Información de consultas cargada satisfactoriamente.
2025-05-29 19:15:59,271 - WARNING - clinica_veterinaria - Mascota Parcerito sin historial registrado.
2025-05-29 19:18:36,261 - INFO - clinica_veterinaria - Se ha registrado exitosamente el dueño Max
2025-05-29 19:18:36,261 - INFO - clinica_veterinaria - La mascota Homero se ha creado exitosamente.
2025-05-29 19:18:36,261 - INFO - clinica_veterinaria - La mascota Parcerito se ha creado exitosamente.
2025-05-29 19:18:36,261 - INFO - clinica_veterinaria - Se cargo la información orrectamente
2025-05-29 19:18:36,265 - INFO - clinica_veterinaria - La consulta se ha registrado correctamente.
2025-05-29 19:18:36,265 - INFO - clinica_veterinaria - La consulta se ha registrado correctamente.
2025-05-29 19:18:36,265 - INFO - clinica_veterinaria - Información de consultas cargada satisfactoriamente.
2025-05-29 19:20:15,481 - INFO - clinica_veterinaria - Se borro la información correctamente
2025-05-29 19:20:15,482 - WARNING - clinica_veterinaria - Se han borrado las consultas.
2025-05-29 19:20:23,747 - WARNING - clinica_veterinaria - No hay mascota registrada.
2025-05-29 19:20:28,277 - INFO - clinica_veterinaria - Intento de listar mascotas sin haber registrado ninguna.
2025-05-29 19:20:34,813 - INFO - clinica_veterinaria - Se cargo la información orrectamente
2025-05-29 19:20:34,814 - INFO - clinica_veterinaria - Información de consultas cargada satisfactoriamente.
2025-05-29 19:20:42,470 - INFO - clinica_veterinaria - Intento de listar mascotas sin haber registrado ninguna.
2025-05-29 20:04:16,266 - INFO - clinica_veterinaria - Se cargo la información orrectamente
2025-05-29 20:04:16,267 - INFO - clinica_veterinaria - Información de consultas cargada satisfactoriamente.
2025-05-29 20:04:21,748 - INFO - clinica_veterinaria - Se borro la información correctamente
2025-05-29 20:04:21,750 - ERROR - clinica_veterinaria - Ha ocurrido un error registrando una nueva mascota o dueño: Número de teléfono inválido
2025-05-29 20:04:21,750 - INFO - clinica_veterinaria - Intento de listar mascotas sin haber registrado ninguna.
2025-05-29 20:06:31,432 - INFO - clinica_veterinaria - Se ha registrado exitosamente el dueño Carlos
2025-05-29 20:06:31,434 - INFO - clinica_veterinaria - Se borro la información correctamente
2025-05-29 20:06:31,436 - ERROR - clinica_veterinaria - Ha ocurrido un error registrando una nueva mascota o dueño: Número de teléfono inválido
2025-05-29 20:06:31,437 - INFO - clinica_veterinaria - Intento de listar mascotas sin haber registrado ninguna.
2025-05-29 20:07:06,824 - INFO - clinica_veterinaria - Se ha registrado exitosamente el dueño Carlos
2025-05-29 20:07:06,826 - INFO - clinica_veterinaria - Se borro la información correctamente
2025-05-29 20:07:06,828 - ERROR - clinica_veterinaria - Ha ocurrido un error registrando una nueva mascota o dueño: Número de teléfono inválido
2025-05-29 20:07:06,828 - INFO - clinica_veterinaria - Intento de listar mascotas sin haber registrado ninguna.
2025-05-29 20:12:22,369 - INFO - clinica_veterinaria - Se ha registrado exitosamente el dueño Carlos
2025-05-29 20:12:22,371 - INFO - clinica_veterinaria - Se borro la información correctamente
2025-05-29 20:12:22,372 - ERROR - clinica_veterinaria - Ha ocurrido un error registrando una nueva mascota o dueño: Número de teléfono inválido
2025-05-29 20:12:22,373 - INFO - clinica_veterinaria - Intento de listar mascotas sin haber registrado ninguna.
2025-05-29 20:12:44,431 - INFO - clinica_veterinaria - Se ha registrado exitosamente el dueño Carlos
2025-05-29 20:12:44,433 - INFO - clinica_veterinaria - Se borro la información correctamente
2025-05-29 20:12:44,435 - ERROR - clinica_veterinaria - Ha ocurrido un error registrando una nueva mascota o dueño: Número de teléfono inválido
2025-05-29 20:12:44,435 - INFO - clinica_veterinaria - Intento de listar mascotas sin haber registrado ninguna.
2025-05-29 20:13:26,997 - INFO - clinica_veterinaria - Se ha registrado exitosamente el dueño Carlos
2025-05-29 20:13:26,999 - INFO - clinica_veterinaria - Se borro la información correctamente
2025-05-29 20:13:27,001 - ERROR - clinica_veterinaria - Ha ocurrido un error registrando una nueva mascota o dueño: Número de teléfono inválido
2025-05-29 20:13:27,001 - INFO - clinica_veterinaria - Intento de listar mascotas sin haber registrado ninguna.
2025-05-30 18:21:46,355 - INFO - clinica_veterinaria - Se ha registrado exitosamente el dueño Carlos
2025-05-30 18:21:46,357 - INFO - clinica_veterinaria - Se borro la información correctamente
2025-05-30 18:21:46,358 - ERROR - clinica_veterinaria - Ha ocurrido un error registrando una nueva mascota o dueño: Número de teléfono inválido
2025-05-30 18:21:46,359 - INFO - clinica_veterinaria - Intento de listar mascotas sin haber registrado ninguna.
2025-05-30 18:25:12,012 - INFO - clinica_veterinaria - Se ha registrado exitosamente el dueño Carlos
2025-05-30 18:25:12,014 - INFO - clinica_veterinaria - Se borro la información correctamente
2025-05-30 18:25:12,016 - ERROR - clinica_veterinaria - Ha ocurrido un error registrando una nueva mascota o dueño: Número de teléfono inválido
2025-05-30 18:25:12,017 - INFO - clinica_veterinaria - Intento de listar mascotas sin haber registrado ninguna.
2025-05-30 18:34:27,164 - INFO - clinica_veterinaria - Se ha registrado exitosamente el dueño Carlos
2025-05-30 18:34:27,167 - INFO - clinica_veterinaria - Se borro la información correctamente
2025-05-30 18:34:27,168 - ERROR - clinica_veterinaria - Ha ocurrido un error registrando una nueva mascota o dueño: Número de teléfono inválido
2025-05-30 18:34:27,171 - INFO - clinica_veterinaria - Intento de listar mascotas sin haber registrado ninguna.
2025-05-30 18:44:29,601 - INFO - clinica_veterinaria - Se ha registrado exitosamente el dueño Carlos
2025-05-30 18:44:29,603 - INFO - clinica_veterinaria - Se borro la información correctamente
2025-05-30 18:44:29,604 - ERROR - clinica_veterinaria - Ha ocurrido un error registrando una nueva mascota o dueño: Número de teléfono inválido
2025-05-30 18:44:29,614 - ERROR - clinica_veterinaria - Ha ocurrido un error registrando una nueva mascota o dueño: Número de teléfono inválido
2025-05-30 18:44:29,616 - INFO - clinica_veterinaria - Intento de listar mascotas sin haber registrado ninguna.
2025-05-30 18:44:47,212 - INFO - clinica_veterinaria - Se ha registrado exitosamente el dueño Carlos
2025-05-30 18:44:47,215 - INFO - clinica_veterinaria - Se borro la información correctamente
2025-05-30 18:44:47,217 - ERROR - clinica_veterinaria - Ha ocurrido un error registrando una nueva mascota o dueño: Número de teléfono inválido
2025-05-30 18:44:47,221 - ERROR - clinica_veterinaria - Ha ocurrido un error registrando una nueva mascota o dueño: Número de teléfono inválido
2025-05-30 18:44:47,223 - INFO - clinica_veterinaria - Intento de listar mascotas sin haber registrado ninguna.
2025-05-30 18:46:54,218 - INFO - clinica_veterinaria - Se ha registrado exitosamente el dueño Carlos
2025-05-30 18:46:54,221 - INFO - clinica_veterinaria - Se borro la información correctamente
2025-05-30 18:46:54,222 - INFO - clinica_veterinaria - Se ha registrado exitosamente el dueño Carlos
2025-05-30 18:46:54,222 - INFO - clinica_veterinaria - La mascota Firulais se ha creado exitosamente.
2025-05-30 18:46:54,223 - INFO - clinica_veterinaria - Intento de listar mascotas sin haber registrado ninguna.
2025-05-30 18:48:36,987 - INFO - clinica_veterinaria - Se ha registrado exitosamente el dueño Carlos
2025-05-30 18:48:36,991 - INFO - clinica_veterinaria - Se borro la información correctamente
2025-05-30 18:48:36,992 - INFO - clinica_veterinaria - Se ha registrado exitosamente el dueño Carlos
2025-05-30 18:48:36,992 - INFO - clinica_veterinaria - La mascota Firulais se ha creado exitosamente.
2025-05-30 18:48:36,993 - INFO - clinica_veterinaria - Intento de listar mascotas sin haber registrado ninguna.
2025-05-30 18:49:02,588 - INFO - clinica_veterinaria - Se ha registrado exitosamente el dueño Carlos
2025-05-30 18:49:02,590 - INFO - clinica_veterinaria - Se borro la información correctamente
2025-05-30 18:49:02,592 - INFO - clinica_veterinaria - Se ha registrado exitosamente el dueño Carlos
2025-05-30 18:49:02,592 - INFO - clinica_veterinaria - La mascota Firulais se ha creado exitosamente.
2025-05-30 18:49:02,593 - INFO - clinica_veterinaria - Intento de listar mascotas sin haber registrado ninguna.
2025-05-30 18:52:07,742 - INFO - clinica_veterinaria - Se ha registrado exitosamente el dueño Carlos
2025-05-30 18:52:07,744 - INFO - clinica_veterinaria - Se borro la información correctamente
2025-05-30 18:52:07,746 - INFO - clinica_veterinaria - Se ha registrado exitosamente el dueño Carlos
2025-05-30 18:52:07,746 - INFO - clinica_veterinaria - La mascota Firulais se ha creado exitosamente.
2025-05-30 18:52:07,747 - INFO - clinica_veterinaria - Intento de listar mascotas sin haber registrado ninguna.
2025-05-30 18:52:49,648 - INFO - clinica_veterinaria - Se ha registrado exitosamente el dueño Carlos
2025-05-30 18:52:49,650 - INFO - clinica_veterinaria - Se borro la información correctamente
2025-05-30 18:52:49,652 - INFO - clinica_veterinaria - Se ha registrado exitosamente el dueño Carlos
2025-05-30 18:52:49,652 - INFO - clinica_veterinaria - La mascota Firulais se ha creado exitosamente.
2025-05-30 18:52:49,653 - INFO - clinica_veterinaria - Intento de listar mascotas sin haber registrado ninguna.
2025-05-30 18:52:49,653 - INFO - clinica_veterinaria - Se ha registrado exitosamente el dueño Carlos
2025-05-30 18:52:49,653 - INFO - clinica_veterinaria - La mascota Firulais se ha creado exitosamente.
2025-05-30 18:52:49,654 - INFO - clinica_veterinaria - Se ha registrado exitosamente el dueño Carlos
2025-05-30 18:52:49,654 - INFO - clinica_veterinaria - La mascota Firulais se ha creado exitosamente.
2025-05-30 18:52:49,654 - INFO - clinica_veterinaria - La mascota Max se ha creado exitosamente.
2025-05-30 18:52:49,654 - INFO - clinica_veterinaria - Se ha registrado exitosamente el dueño Carlos
2025-05-30 18:52:49,654 - INFO - clinica_veterinaria - La mascota Firulais se ha creado exitosamente.
2025-05-30 18:53:15,265 - INFO - clinica_veterinaria - Se ha registrado exitosamente el dueño Carlos
2025-05-30 18:53:15,267 - INFO - clinica_veterinaria - Se borro la información correctamente
2025-05-30 18:53:15,268 - INFO - clinica_veterinaria - Se ha registrado exitosamente el dueño Carlos
2025-05-30 18:53:15,268 - INFO - clinica_veterinaria - La mascota Firulais se ha creado exitosamente.
2025-05-30 18:53:15,269 - INFO - clinica_veterinaria - Intento de listar mascotas sin haber registrado ninguna.
2025-05-30 18:53:15,269 - INFO - clinica_veterinaria - Se ha registrado exitosamente el dueño Carlos
2025-05-30 18:53:15,269 - INFO - clinica_veterinaria - La mascota Firulais se ha creado exitosamente.
2025-05-30 18:53:15,269 - INFO - clinica_veterinaria - Se ha registrado exitosamente el dueño Carlos
2025-05-30 18:53:15,269 - INFO - clinica_veterinaria - La mascota Firulais se ha creado exitosamente.
2025-05-30 18:53:15,269 - INFO - clinica_veterinaria - La mascota Max se ha creado exitosamente.
2025-05-30 18:53:15,269 - INFO - clinica_veterinaria - Se ha registrado exitosamente el dueño Carlos
2025-05-30 18:53:15,269 - INFO - clinica_veterinaria - La mascota Firulais se ha creado exitosamente.
2025-05-30 18:53:24,789 - INFO - clinica_veterinaria - Se ha registrado exitosamente el dueño Carlos
2025-05-30 18:53:24,792 - INFO - clinica_veterinaria - Se borro la información correctamente
2025-05-30 18:53:24,794 - INFO - clinica_veterinaria - Se ha registrado exitosamente el dueño Carlos
2025-05-30 18:53:24,794 - INFO - clinica_veterinaria - La mascota Firulais se ha creado exitosamente.
2025-05-30 18:53:24,795 - INFO - clinica_veterinaria - Intento de listar mascotas sin haber registrado ninguna.
2025-05-30 18:53:24,795 - INFO - clinica_veterinaria - Se ha registrado exitosamente el dueño Carlos
2025-05-30 18:53:24,795 - INFO - clinica_veterinaria - La mascota Firulais se ha creado exitosamente.
2025-05-30 18:53:24,795 - INFO - clinica_veterinaria - Se ha registrado exitosamente el dueño Carlos
2025-05-30 18:53:24,796 - INFO - clinica_veterinaria - La mascota Firulais se ha creado exitosamente.
2025-05-30 18:53:24,796 - INFO - clinica_veterinaria - La mascota Max se ha creado exitosamente.
2025-05-30 18:53:24,796 - INFO - clinica_veterinaria - Se ha registrado exitosamente el dueño Carlos
2025-05-30 18:53:24,796 - INFO - clinica_veterinaria - La mascota Firulais se ha creado exitosamente.
2025-05-30 18:55:36,279 - INFO - clinica_veterinaria - Se ha registrado exitosamente el dueño Carlos
2025-05-30 18:55:36,281 - INFO - clinica_veterinaria - Se borro la información correctamente
2025-05-30 18:55:36,283 - INFO - clinica_veterinaria - Se ha registrado exitosamente el dueño Carlos
2025-05-30 18:55:36,283 - INFO - clinica_veterinaria - La mascota Firulais se ha creado exitosamente.
2025-05-30 18:55:36,284 - INFO - clinica_veterinaria - Intento de listar mascotas sin haber registrado ninguna.
2025-05-30 18:55:36,284 - INFO - clinica_veterinaria - Se ha registrado exitosamente el dueño Carlos
2025-05-30 18:55:36,284 - INFO - clinica_veterinaria - La mascota Firulais se ha creado exitosamente.
2025-05-30 18:55:36,284 - INFO - clinica_veterinaria - Se ha registrado exitosamente el dueño Carlos
2025-05-30 18:55:36,284 - INFO - clinica_veterinaria - La mascota Firulais se ha creado exitosamente.
2025-05-30 18:55:36,284 - INFO - clinica_veterinaria - La mascota Max se ha creado exitosamente.
2025-05-30 18:55:36,284 - INFO - clinica_veterinaria - Se ha registrado exitosamente el dueño Carlos
2025-05-30 18:55:36,284 - INFO - clinica_veterinaria - La mascota Firulais se ha creado exitosamente.
2025-05-30 18:55:36,284 - INFO - clinica_veterinaria - La mascota Firulais se ha creado exitosamente.
2025-05-30 18:55:36,286 - INFO - clinica_veterinaria - Se ha registrado exitosamente el dueño Carlos
2025-05-30 18:55:36,286 - INFO - clinica_veterinaria - La mascota Firulais se ha creado exitosamente.
2025-05-30 18:55:36,288 - INFO - clinica_veterinaria - Se ha registrado exitosamente el dueño Carlos
2025-05-30 18:55:36,288 - INFO - clinica_veterinaria - La mascota Firulais se ha creado exitosamente.
2025-05-30 18:55:36,290 - INFO - clinica_veterinaria - Se ha registrado exitosamente el dueño Carlos
2025-05-30 18:55:36,290 - INFO - clinica_veterinaria - La mascota Firulais se ha creado exitosamente.
2025-05-30 18:55:36,291 - INFO - clinica_veterinaria - Se ha registrado exitosamente el dueño Carlos
2025-05-30 18:55:36,291 - INFO - clinica_veterinaria - La mascota Firulais se ha creado exitosamente.
2025-05-30 18:55:36,291 - INFO - clinica_veterinaria - Se ha registrado exitosamente el dueño Carlos
2025-05-30 18:55:36,291 - INFO - clinica_veterinaria - La mascota Firulais se ha creado exitosamente.
2025-05-30 18:55:36,293 - INFO - clinica_veterinaria - Se ha registrado exitosamente el dueño Carlos
2025-05-30 18:55:36,293 - INFO - clinica_veterinaria - La mascota Firulais se ha creado exitosamente.
2025-05-30 18:56:37,806 - INFO - clinica_veterinaria - Se ha registrado exitosamente el dueño Carlos
2025-05-30 18:56:37,809 - INFO - clinica_veterinaria - Se borro la información correctamente
2025-05-30 18:56:37,810 - INFO - clinica_veterinaria - Se ha registrado exitosamente el dueño Carlos
2025-05-30 18:56:37,810 - INFO - clinica_veterinaria - La mascota Firulais se ha creado exitosamente.
2025-05-30 18:56:37,811 - INFO - clinica_veterinaria - Intento de listar mascotas sin haber registrado ninguna.
2025-05-30 18:56:37,811 - INFO - clinica_veterinaria - Se ha registrado exitosamente el dueño Carlos
2025-05-30 18:56:37,811 - INFO - clinica_veterinaria - La mascota Firulais se ha creado exitosamente.
2025-05-30 18:56:37,811 - INFO - clinica_veterinaria - Se ha registrado exitosamente el dueño Carlos
2025-05-30 18:56:37,811 - INFO - clinica_veterinaria - La mascota Firulais se ha creado exitosamente.
2025-05-30 18:56:37,811 - INFO - clinica_veterinaria - La mascota Max se ha creado exitosamente.
2025-05-30 18:56:37,811 - INFO - clinica_veterinaria - Se ha registrado exitosamente el dueño Carlos
2025-05-30 18:56:37,811 - INFO - clinica_veterinaria - La mascota Firulais se ha creado exitosamente.
2025-05-30 18:56:37,811 - INFO - clinica_veterinaria - La mascota Firulais se ha creado exitosamente.
2025-05-30 18:56:37,812 - INFO - clinica_veterinaria - Se ha registrado exitosamente el dueño Carlos
2025-05-30 18:56:37,812 - INFO - clinica_veterinaria - La mascota Firulais se ha creado exitosamente.
2025-05-30 18:56:37,813 - INFO - clinica_veterinaria - Se ha registrado exitosamente el dueño Carlos
2025-05-30 18:56:37,813 - INFO - clinica_veterinaria - La mascota Firulais se ha creado exitosamente.
2025-05-30 18:56:37,814 - INFO - clinica_veterinaria - Se ha registrado exitosamente el dueño Carlos
2025-05-30 18:56:37,814 - INFO - clinica_veterinaria - La mascota Firulais se ha creado exitosamente.
2025-05-30 18:56:37,814 - INFO - clinica_veterinaria - Se ha registrado exitosamente el dueño Carlos
2025-05-30 18:56:37,814 - INFO - clinica_veterinaria - La mascota Firulais se ha creado exitosamente.
2025-05-30 18:56:37,814 - INFO - clinica_veterinaria - Se ha registrado exitosamente el dueño Carlos
2025-05-30 18:56:37,815 - INFO - clinica_veterinaria - La mascota Firulais se ha creado exitosamente.
2025-05-30 18:56:37,815 - INFO - clinica_veterinaria - Se ha registrado exitosamente el dueño Carlos
2025-05-30 18:56:37,815 - INFO - clinica_veterinaria - La mascota Firulais se ha creado exitosamente.
2025-05-30 18:56:37,815 - INFO - clinica_veterinaria - La mascota Firulais se ha creado exitosamente.
2025-05-30 18:56:53,482 - INFO - clinica_veterinaria - Se ha registrado exitosamente el dueño Carlos
2025-05-30 18:56:53,485 - INFO - clinica_veterinaria - Se borro la información correctamente
2025-05-30 18:56:53,486 - INFO - clinica_veterinaria - Se ha registrado exitosamente el dueño Carlos
2025-05-30 18:56:53,487 - INFO - clinica_veterinaria - La mascota Firulais se ha creado exitosamente.
2025-05-30 18:56:53,487 - INFO - clinica_veterinaria - Intento de listar mascotas sin haber registrado ninguna.
2025-05-30 18:56:53,488 - INFO - clinica_veterinaria - Se ha registrado exitosamente el dueño Carlos
2025-05-30 18:56:53,488 - INFO - clinica_veterinaria - La mascota Firulais se ha creado exitosamente.
2025-05-30 18:56:53,488 - INFO - clinica_veterinaria - Se ha registrado exitosamente el dueño Carlos
2025-05-30 18:56:53,488 - INFO - clinica_veterinaria - La mascota Firulais se ha creado exitosamente.
2025-05-30 18:56:53,488 - INFO - clinica_veterinaria - La mascota Max se ha creado exitosamente.
2025-05-30 18:56:53,488 - INFO - clinica_veterinaria - Se ha registrado exitosamente el dueño Carlos
2025-05-30 18:56:53,488 - INFO - clinica_veterinaria - La mascota Firulais se ha creado exitosamente.
2025-05-30 18:56:53,488 - INFO - clinica_veterinaria - La mascota Firulais se ha creado exitosamente.
2025-05-30 18:56:53,489 - INFO - clinica_veterinaria - Se ha registrado exitosamente el dueño Carlos
2025-05-30 18:56:53,489 - INFO - clinica_veterinaria - La mascota Firulais se ha creado exitosamente.
2025-05-30 18:56:53,490 - INFO - clinica_veterinaria - Se ha registrado exitosamente el dueño Carlos
2025-05-30 18:56:53,491 - INFO - clinica_veterinaria - La mascota Firulais se ha creado exitosamente.
2025-05-30 18:56:53,491 - INFO - clinica_veterinaria - Se ha registrado exitosamente el dueño Carlos
2025-05-30 18:56:53,491 - INFO - clinica_veterinaria - La mascota Firulais se ha creado exitosamente.
2025-05-30 18:56:53,492 - INFO - clinica_veterinaria - Se ha registrado exitosamente el dueño Carlos
2025-05-30 18:56:53,492 - INFO - clinica_veterinaria - La mascota Firulais se ha creado exitosamente.
2025-05-30 18:56:53,492 - INFO - clinica_veterinaria - Se ha registrado exitosamente el dueño Carlos
2025-05-30 18:56:53,492 - INFO - clinica_veterinaria - La mascota Firulais se ha creado exitosamente.
2025-05-30 18:56:53,493 - INFO - clinica_veterinaria - Se ha registrado exitosamente el dueño Carlos
2025-05-30 18:56:53,493 - INFO - clinica_veterinaria - La mascota Firulais se ha creado exitosamente.
2025-05-30 18:56:53,493 - INFO - clinica_veterinaria - La mascota Firulais se ha creado exitosamente.
2025-05-30 19:03:47,545 - INFO - clinica_veterinaria - La consulta se ha registrado correctamente.
2025-05-30 19:03:47,546 - WARNING - clinica_veterinaria - Cuidado, intento de buscar mascota NoExiste sin nombre registrado.
2025-05-30 19:03:47,546 - INFO - clinica_veterinaria - Se ha registrado exitosamente el dueño Carlos
2025-05-30 19:03:47,548 - INFO - clinica_veterinaria - Se borro la información correctamente
2025-05-30 19:03:47,550 - INFO - clinica_veterinaria - Se ha registrado exitosamente el dueño Carlos
2025-05-30 19:03:47,550 - INFO - clinica_veterinaria - La mascota Firulais se ha creado exitosamente.
2025-05-30 19:03:47,551 - INFO - clinica_veterinaria - Intento de listar mascotas sin haber registrado ninguna.
2025-05-30 19:03:47,551 - INFO - clinica_veterinaria - Se ha registrado exitosamente el dueño Carlos
2025-05-30 19:03:47,551 - INFO - clinica_veterinaria - La mascota Firulais se ha creado exitosamente.
2025-05-30 19:03:47,551 - INFO - clinica_veterinaria - Se ha registrado exitosamente el dueño Carlos
2025-05-30 19:03:47,552 - INFO - clinica_veterinaria - La mascota Firulais se ha creado exitosamente.
2025-05-30 19:03:47,552 - INFO - clinica_veterinaria - La mascota Max se ha creado exitosamente.
2025-05-30 19:03:47,552 - INFO - clinica_veterinaria - Se ha registrado exitosamente el dueño Carlos
2025-05-30 19:03:47,552 - INFO - clinica_veterinaria - La mascota Firulais se ha creado exitosamente.
2025-05-30 19:03:47,552 - INFO - clinica_veterinaria - La mascota Firulais se ha creado exitosamente.
2025-05-30 19:03:47,553 - INFO - clinica_veterinaria - Se ha registrado exitosamente el dueño Carlos
2025-05-30 19:03:47,553 - INFO - clinica_veterinaria - La mascota Firulais se ha creado exitosamente.
2025-05-30 19:03:47,555 - INFO - clinica_veterinaria - Se ha registrado exitosamente el dueño Carlos
2025-05-30 19:03:47,555 - INFO - clinica_veterinaria - La mascota Firulais se ha creado exitosamente.
2025-05-30 19:03:47,555 - INFO - clinica_veterinaria - Se ha registrado exitosamente el dueño Carlos
2025-05-30 19:03:47,555 - INFO - clinica_veterinaria - La mascota Firulais se ha creado exitosamente.
2025-05-30 19:03:47,556 - INFO - clinica_veterinaria - Se ha registrado exitosamente el dueño Carlos
2025-05-30 19:03:47,556 - INFO - clinica_veterinaria - La mascota Firulais se ha creado exitosamente.
2025-05-30 19:03:47,556 - INFO - clinica_veterinaria - Se ha registrado exitosamente el dueño Carlos
2025-05-30 19:03:47,556 - INFO - clinica_veterinaria - La mascota Firulais se ha creado exitosamente.
2025-05-30 19:03:47,557 - INFO - clinica_veterinaria - Se ha registrado exitosamente el dueño Carlos
2025-05-30 19:03:47,557 - INFO - clinica_veterinaria - La mascota Firulais se ha creado exitosamente.
2025-05-30 19:03:47,557 - INFO - clinica_veterinaria - La mascota Firulais se ha creado exitosamente.
2025-05-30 19:04:56,381 - INFO - clinica_veterinaria - La consulta se ha registrado correctamente.
2025-05-30 19:04:56,382 - WARNING - clinica_veterinaria - Cuidado, intento de buscar mascota NoExiste sin nombre registrado.
2025-05-30 19:04:56,382 - INFO - clinica_veterinaria - Se ha registrado exitosamente el dueño Carlos
2025-05-30 19:04:56,384 - INFO - clinica_veterinaria - Se borro la información correctamente
2025-05-30 19:04:56,386 - INFO - clinica_veterinaria - Se ha registrado exitosamente el dueño Carlos
2025-05-30 19:04:56,386 - INFO - clinica_veterinaria - La mascota Firulais se ha creado exitosamente.
2025-05-30 19:04:56,387 - INFO - clinica_veterinaria - Intento de listar mascotas sin haber registrado ninguna.
2025-05-30 19:04:56,387 - INFO - clinica_veterinaria - Se ha registrado exitosamente el dueño Carlos
2025-05-30 19:04:56,387 - INFO - clinica_veterinaria - La mascota Firulais se ha creado exitosamente.
2025-05-30 19:04:56,387 - INFO - clinica_veterinaria - Se ha registrado exitosamente el dueño Carlos
2025-05-30 19:04:56,387 - INFO - clinica_veterinaria - La mascota Firulais se ha creado exitosamente.
2025-05-30 19:04:56,387 - INFO - clinica_veterinaria - La mascota Max se ha creado exitosamente.
2025-05-30 19:04:56,387 - INFO - clinica_veterinaria - Se ha registrado exitosamente el dueño Carlos
2025-05-30 19:04:56,387 - INFO - clinica_veterinaria - La mascota Firulais se ha creado exitosamente.
2025-05-30 19:04:56,387 - INFO - clinica_veterinaria - La mascota Firulais se ha creado exitosamente.
2025-05-30 19:04:56,388 - INFO - clinica_veterinaria - Se ha registrado exitosamente el dueño Carlos
2025-05-30 19:04:56,388 - INFO - clinica_veterinaria - La mascota Firulais se ha creado exitosamente.
2025-05-30 19:04:56,388 - INFO - clinica_veterinaria - Se ha registrado exitosamente el dueño Carlos
2025-05-30 19:04:56,388 - INFO - clinica_veterinaria - La mascota Firulais se ha creado exitosamente.
2025-05-30 19:04:56,388 - INFO - clinica_veterinaria - Se ha registrado exitosamente el dueño Carlos
2025-05-30 19:04:56,388 - INFO - clinica_veterinaria - La mascota Firulais se ha creado exitosamente.
2025-05-30 19:04:56,388 - INFO - clinica_veterinaria - Se ha registrado exitosamente el dueño Carlos
2025-05-30 19:04:56,388 - INFO - clinica_veterinaria - La mascota Firulais se ha creado exitosamente.
2025-05-30 19:04:56,388 - INFO - clinica_veterinaria - Se ha registrado exitosamente el dueño Carlos
2025-05-30 19:04:56,388 - INFO - clinica_veterinaria - La mascota Firulais se ha creado exitosamente.
2025-05-30 19:04:56,388 - INFO - clinica_veterinaria - Se ha registrado exitosamente el dueño Carlos
2025-05-30 19:04:56,388 - INFO - clinica_veterinaria - La mascota Firulais se ha creado exitosamente.
2025-05-30 19:04:56,388 - INFO - clinica_veterinaria - La mascota Firulais se ha creado exitosamente.
2025-05-30 19:08:23,943 - INFO - clinica_veterinaria - Se ha registrado exitosamente el dueño Carlos
2025-05-30 19:08:23,945 - INFO - clinica_veterinaria - Se borro la información correctamente
2025-05-30 19:08:23,947 - INFO - clinica_veterinaria - Se ha registrado exitosamente el dueño Carlos
2025-05-30 19:08:23,947 - INFO - clinica_veterinaria - La mascota Firulais se ha creado exitosamente.
2025-05-30 19:08:23,948 - INFO - clinica_veterinaria - Intento de listar mascotas sin haber registrado ninguna.
2025-05-30 19:08:23,948 - INFO - clinica_veterinaria - Se ha registrado exitosamente el dueño Carlos
2025-05-30 19:08:23,948 - INFO - clinica_veterinaria - La mascota Firulais se ha creado exitosamente.
2025-05-30 19:08:23,948 - INFO - clinica_veterinaria - Se ha registrado exitosamente el dueño Carlos
2025-05-30 19:08:23,948 - INFO - clinica_veterinaria - La mascota Firulais se ha creado exitosamente.
2025-05-30 19:08:23,948 - INFO - clinica_veterinaria - La mascota Max se ha creado exitosamente.
2025-05-30 19:08:23,948 - INFO - clinica_veterinaria - Se ha registrado exitosamente el dueño Carlos
2025-05-30 19:08:23,948 - INFO - clinica_veterinaria - La mascota Firulais se ha creado exitosamente.
2025-05-30 19:08:23,948 - INFO - clinica_veterinaria - La mascota Firulais se ha creado exitosamente.
2025-05-30 19:08:23,949 - INFO - clinica_veterinaria - Se ha registrado exitosamente el dueño Carlos
2025-05-30 19:08:23,949 - INFO - clinica_veterinaria - La mascota Firulais se ha creado exitosamente.
2025-05-30 19:08:23,950 - INFO - clinica_veterinaria - Se ha registrado exitosamente el dueño Carlos
2025-05-30 19:08:23,950 - INFO - clinica_veterinaria - La mascota Firulais se ha creado exitosamente.
2025-05-30 19:08:23,950 - INFO - clinica_veterinaria - Se ha registrado exitosamente el dueño Carlos
2025-05-30 19:08:23,950 - INFO - clinica_veterinaria - La mascota Firulais se ha creado exitosamente.
2025-05-30 19:08:23,950 - INFO - clinica_veterinaria - Se ha registrado exitosamente el dueño Carlos
2025-05-30 19:08:23,950 - INFO - clinica_veterinaria - La mascota Firulais se ha creado exitosamente.
2025-05-30 19:08:23,951 - INFO - clinica_veterinaria - Se ha registrado exitosamente el dueño Carlos
2025-05-30 19:08:23,951 - INFO - clinica_veterinaria - La mascota Firulais se ha creado exitosamente.
2025-05-30 19:08:23,951 - INFO - clinica_veterinaria - Se ha registrado exitosamente el dueño Carlos
2025-05-30 19:08:23,951 - INFO - clinica_veterinaria - La mascota Firulais se ha creado exitosamente.
2025-05-30 19:08:23,951 - INFO - clinica_veterinaria - La mascota Firulais se ha creado exitosamente.
2025-05-30 19:09:33,564 - INFO - clinica_veterinaria - Se ha registrado exitosamente el dueño Carlos
2025-05-30 19:09:33,566 - INFO - clinica_veterinaria - Se borro la información correctamente
2025-05-30 19:09:33,568 - INFO - clinica_veterinaria - Se ha registrado exitosamente el dueño Carlos
2025-05-30 19:09:33,568 - INFO - clinica_veterinaria - La mascota Firulais se ha creado exitosamente.
2025-05-30 19:09:33,569 - INFO - clinica_veterinaria - Intento de listar mascotas sin haber registrado ninguna.
2025-05-30 19:09:33,569 - INFO - clinica_veterinaria - Se ha registrado exitosamente el dueño Carlos
2025-05-30 19:09:33,569 - INFO - clinica_veterinaria - La mascota Firulais se ha creado exitosamente.
2025-05-30 19:09:33,569 - INFO - clinica_veterinaria - Se ha registrado exitosamente el dueño Carlos
2025-05-30 19:09:33,569 - INFO - clinica_veterinaria - La mascota Firulais se ha creado exitosamente.
2025-05-30 19:09:33,569 - INFO - clinica_veterinaria - La mascota Max se ha creado exitosamente.
2025-05-30 19:09:33,570 - INFO - clinica_veterinaria - Se ha registrado exitosamente el dueño Carlos
2025-05-30 19:09:33,570 - INFO - clinica_veterinaria - La mascota Firulais se ha creado exitosamente.
2025-05-30 19:09:33,570 - INFO - clinica_veterinaria - La mascota Firulais se ha creado exitosamente.
2025-05-30 19:09:33,570 - INFO - clinica_veterinaria - Se ha registrado exitosamente el dueño Carlos
2025-05-30 19:09:33,570 - INFO - clinica_veterinaria - La mascota Firulais se ha creado exitosamente.
2025-05-30 19:09:33,570 - INFO - clinica_veterinaria - Se ha registrado exitosamente el dueño Carlos
2025-05-30 19:09:33,571 - INFO - clinica_veterinaria - La mascota Firulais se ha creado exitosamente.
2025-05-30 19:09:33,571 - INFO - clinica_veterinaria - Se ha registrado exitosamente el dueño Carlos
2025-05-30 19:09:33,571 - INFO - clinica_veterinaria - La mascota Firulais se ha creado exitosamente.
2025-05-30 19:09:33,571 - INFO - clinica_veterinaria - Se ha registrado exitosamente el dueño Carlos
2025-05-30 19:09:33,571 - INFO - clinica_veterinaria - La mascota Firulais se ha creado exitosamente.
2025-05-30 19:09:33,571 - INFO - clinica_veterinaria - Se ha registrado exitosamente el dueño Carlos
2025-05-30 19:09:33,571 - INFO - clinica_veterinaria - La mascota Firulais se ha creado exitosamente.
2025-05-30 19:09:33,572 - INFO - clinica_veterinaria - Se ha registrado exitosamente el dueño Carlos
2025-05-30 19:09:33,572 - INFO - clinica_veterinaria - La mascota Firulais se ha creado exitosamente.
2025-05-30 19:09:33,572 - INFO - clinica_veterinaria - La mascota Firulais se ha creado exitosamente.
2025-05-30 19:15:31,909 - INFO - clinica_veterinaria - Se ha registrado exitosamente el dueño Juan pérez
2025-05-30 19:15:31,909 - INFO - clinica_veterinaria - La mascota Firulais se ha creado exitosamente.
2025-05-30 19:15:31,912 - INFO - clinica_veterinaria - La consulta se ha registrado correctamente.
2025-05-30 19:15:31,912 - INFO - clinica_veterinaria - Se ha registrado exitosamente el dueño Juan pérez
2025-05-30 19:15:31,913 - INFO - clinica_veterinaria - La mascota Firulais se ha creado exitosamente.
2025-05-30 19:15:31,913 - WARNING - clinica_veterinaria - Cuidado, intento de buscar mascota NoExiste sin nombre registrado.
2025-05-30 19:15:31,913 - INFO - clinica_veterinaria - Se ha registrado exitosamente el dueño Carlos
2025-05-30 19:15:31,916 - INFO - clinica_veterinaria - Se borro la información correctamente
2025-05-30 19:15:31,918 - INFO - clinica_veterinaria - Se ha registrado exitosamente el dueño Carlos
2025-05-30 19:15:31,918 - INFO - clinica_veterinaria - La mascota Firulais se ha creado exitosamente.
2025-05-30 19:15:31,919 - INFO - clinica_veterinaria - Intento de listar mascotas sin haber registrado ninguna.
2025-05-30 19:15:31,919 - INFO - clinica_veterinaria - Se ha registrado exitosamente el dueño Carlos
2025-05-30 19:15:31,919 - INFO - clinica_veterinaria - La mascota Firulais se ha creado exitosamente.
2025-05-30 19:15:31,919 - INFO - clinica_veterinaria - Se ha registrado exitosamente el dueño Carlos
2025-05-30 19:15:31,919 - INFO - clinica_veterinaria - La mascota Firulais se ha creado exitosamente.
2025-05-30 19:15:31,919 - INFO - clinica_veterinaria - La mascota Max se ha creado exitosamente.
2025-05-30 19:15:31,920 - INFO - clinica_veterinaria - Se ha registrado exitosamente el dueño Carlos
2025-05-30 19:15:31,920 - INFO - clinica_veterinaria - La mascota Firulais se ha creado exitosamente.
2025-05-30 19:15:31,920 - INFO - clinica_veterinaria - Se ha registrado exitosamente el dueño Carlos
2025-05-30 19:15:31,920 - INFO - clinica_veterinaria - La mascota Firulais se ha creado exitosamente.
2025-05-30 19:15:31,921 - INFO - clinica_veterinaria - Se ha registrado exitosamente el dueño Carlos
2025-05-30 19:15:31,921 - INFO - clinica_veterinaria - La mascota Firulais se ha creado exitosamente.
2025-05-30 19:15:31,921 - INFO - clinica_veterinaria - Se ha registrado exitosamente el dueño Carlos
2025-05-30 19:15:31,921 - INFO - clinica_veterinaria - La mascota Firulais se ha creado exitosamente.
2025-05-30 19:15:31,921 - INFO - clinica_veterinaria - Se ha registrado exitosamente el dueño Carlos
2025-05-30 19:15:31,921 - INFO - clinica_veterinaria - La mascota Firulais se ha creado exitosamente.
2025-05-30 19:15:31,921 - INFO - clinica_veterinaria - Se ha registrado exitosamente el dueño Carlos
2025-05-30 19:15:31,921 - INFO - clinica_veterinaria - La mascota Firulais se ha creado exitosamente.
2025-05-30 19:15:31,921 - INFO - clinica_veterinaria - Se ha registrado exitosamente el dueño Carlos
2025-05-30 19:15:31,921 - INFO - clinica_veterinaria - La mascota Firulais se ha creado exitosamente.
2025-05-30 19:15:31,921 - INFO - clinica_veterinaria - La mascota Firulais se ha creado exitosamente.
2025-05-30 19:16:52,738 - INFO - clinica_veterinaria - Se ha registrado exitosamente el dueño Juan pérez
2025-05-30 19:16:52,738 - INFO - clinica_veterinaria - La mascota Firulais se ha creado exitosamente.
2025-05-30 19:16:52,741 - INFO - clinica_veterinaria - La consulta se ha registrado correctamente.
2025-05-30 19:16:52,741 - INFO - clinica_veterinaria - Se ha registrado exitosamente el dueño Juan pérez
2025-05-30 19:16:52,741 - INFO - clinica_veterinaria - La mascota Firulais se ha creado exitosamente.
2025-05-30 19:16:52,742 - WARNING - clinica_veterinaria - Cuidado, intento de buscar mascota NoExiste sin nombre registrado.
2025-05-30 19:16:52,742 - INFO - clinica_veterinaria - Se ha registrado exitosamente el dueño Carlos
2025-05-30 19:16:52,744 - INFO - clinica_veterinaria - Se borro la información correctamente
2025-05-30 19:16:52,745 - INFO - clinica_veterinaria - Se ha registrado exitosamente el dueño Carlos
2025-05-30 19:16:52,745 - INFO - clinica_veterinaria - La mascota Firulais se ha creado exitosamente.
2025-05-30 19:16:52,746 - INFO - clinica_veterinaria - Intento de listar mascotas sin haber registrado ninguna.
2025-05-30 19:16:52,746 - INFO - clinica_veterinaria - Se ha registrado exitosamente el dueño Carlos
2025-05-30 19:16:52,746 - INFO - clinica_veterinaria - La mascota Firulais se ha creado exitosamente.
2025-05-30 19:16:52,746 - INFO - clinica_veterinaria - Se ha registrado exitosamente el dueño Carlos
2025-05-30 19:16:52,746 - INFO - clinica_veterinaria - La mascota Firulais se ha creado exitosamente.
2025-05-30 19:16:52,746 - INFO - clinica_veterinaria - La mascota Max se ha creado exitosamente.
2025-05-30 19:16:52,747 - INFO - clinica_veterinaria - Se ha registrado exitosamente el dueño Carlos
2025-05-30 19:16:52,747 - INFO - clinica_veterinaria - La mascota Firulais se ha creado exitosamente.
2025-05-30 19:16:52,747 - INFO - clinica_veterinaria - Se ha registrado exitosamente el dueño Carlos
2025-05-30 19:16:52,747 - INFO - clinica_veterinaria - La mascota Firulais se ha creado exitosamente.
2025-05-30 19:16:52,747 - INFO - clinica_veterinaria - Se ha registrado exitosamente el dueño Carlos
2025-05-30 19:16:52,748 - INFO - clinica_veterinaria - La mascota Firulais se ha creado exitosamente.
2025-05-30 19:16:52,748 - INFO - clinica_veterinaria - Se ha registrado exitosamente el dueño Carlos
2025-05-30 19:16:52,748 - INFO - clinica_veterinaria - La mascota Firulais se ha creado exitosamente.
2025-05-30 19:16:52,748 - INFO - clinica_veterinaria - Se ha registrado exitosamente el dueño Carlos
2025-05-30 19:16:52,748 - INFO - clinica_veterinaria - La mascota Firulais se ha creado exitosamente.
2025-05-30 19:16:52,748 - INFO - clinica_veterinaria - Se ha registrado exitosamente el dueño Carlos
2025-05-30 19:16:52,748 - INFO - clinica_veterinaria - La mascota Firulais se ha creado exitosamente.
2025-05-30 19:16:52,748 - INFO - clinica_veterinaria - Se ha registrado exitosamente el dueño Carlos
2025-05-30 19:16:52,748 - INFO - clinica_veterinaria - La mascota Firulais se ha creado exitosamente.
2025-05-30 19:16:52,748 - INFO - clinica_veterinaria - La mascota Firulais se ha creado exitosamente.
2025-05-30 19:17:53,068 - INFO - clinica_veterinaria - Se ha registrado exitosamente el dueño Juan pérez
2025-05-30 19:17:53,068 - INFO - clinica_veterinaria - La mascota Firulais se ha creado exitosamente.
2025-05-30 19:17:53,072 - INFO - clinica_veterinaria - La consulta se ha registrado correctamente.
2025-05-30 19:17:53,072 - INFO - clinica_veterinaria - Se ha registrado exitosamente el dueño Juan pérez
2025-05-30 19:17:53,072 - INFO - clinica_veterinaria - La mascota Firulais se ha creado exitosamente.
2025-05-30 19:17:53,073 - WARNING - clinica_veterinaria - Cuidado, intento de buscar mascota NoExiste sin nombre registrado.
2025-05-30 19:17:53,073 - INFO - clinica_veterinaria - Se ha registrado exitosamente el dueño Carlos
2025-05-30 19:17:53,075 - INFO - clinica_veterinaria - Se borro la información correctamente
2025-05-30 19:17:53,076 - INFO - clinica_veterinaria - Se ha registrado exitosamente el dueño Carlos
2025-05-30 19:17:53,076 - INFO - clinica_veterinaria - La mascota Firulais se ha creado exitosamente.
2025-05-30 19:17:53,076 - INFO - clinica_veterinaria - Intento de listar mascotas sin haber registrado ninguna.
2025-05-30 19:17:53,077 - INFO - clinica_veterinaria - Se ha registrado exitosamente el dueño Carlos
2025-05-30 19:17:53,077 - INFO - clinica_veterinaria - La mascota Firulais se ha creado exitosamente.
2025-05-30 19:17:53,077 - INFO - clinica_veterinaria - Se ha registrado exitosamente el dueño Carlos
2025-05-30 19:17:53,077 - INFO - clinica_veterinaria - La mascota Firulais se ha creado exitosamente.
2025-05-30 19:17:53,077 - INFO - clinica_veterinaria - La mascota Max se ha creado exitosamente.
2025-05-30 19:17:53,077 - INFO - clinica_veterinaria - Se ha registrado exitosamente el dueño Carlos
2025-05-30 19:17:53,077 - INFO - clinica_veterinaria - La mascota Firulais se ha creado exitosamente.
2025-05-30 19:17:53,077 - INFO - clinica_veterinaria - Se ha registrado exitosamente el dueño Carlos
2025-05-30 19:17:53,077 - INFO - clinica_veterinaria - La mascota Firulais se ha creado exitosamente.
2025-05-30 19:17:53,077 - INFO - clinica_veterinaria - Se ha registrado exitosamente el dueño Carlos
2025-05-30 19:17:53,077 - INFO - clinica_veterinaria - La mascota Firulais se ha creado exitosamente.
2025-05-30 19:17:53,077 - INFO - clinica_veterinaria - Se ha registrado exitosamente el dueño Carlos
2025-05-30 19:17:53,077 - INFO - clinica_veterinaria - La mascota Firulais se ha creado exitosamente.
2025-05-30 19:17:53,078 - INFO - clinica_veterinaria - Se ha registrado exitosamente el dueño Carlos
2025-05-30 19:17:53,078 - INFO - clinica_veterinaria - La mascota Firulais se ha creado exitosamente.
2025-05-30 19:17:53,078 - INFO - clinica_veterinaria - Se ha registrado exitosamente el dueño Carlos
2025-05-30 19:17:53,078 - INFO - clinica_veterinaria - La mascota Firulais se ha creado exitosamente.
2025-05-30 19:17:53,078 - INFO - clinica_veterinaria - Se ha registrado exitosamente el dueño Carlos
2025-05-30 19:17:53,078 - INFO - clinica_veterinaria - La mascota Firulais se ha creado exitosamente.
2025-05-30 19:17:53,078 - INFO - clinica_veterinaria - La mascota Firulais se ha creado exitosamente.
2025-05-30 19:18:04,924 - INFO - clinica_veterinaria - Se ha registrado exitosamente el dueño Juan pérez
2025-05-30 19:18:04,924 - INFO - clinica_veterinaria - La mascota Firulais se ha creado exitosamente.
2025-05-30 19:18:04,927 - INFO - clinica_veterinaria - La consulta se ha registrado correctamente.
2025-05-30 19:18:04,928 - INFO - clinica_veterinaria - Se ha registrado exitosamente el dueño Juan pérez
2025-05-30 19:18:04,928 - INFO - clinica_veterinaria - La mascota Firulais se ha creado exitosamente.
2025-05-30 19:18:04,928 - WARNING - clinica_veterinaria - Cuidado, intento de buscar mascota NoExiste sin nombre registrado.
2025-05-30 19:18:04,929 - INFO - clinica_veterinaria - Se ha registrado exitosamente el dueño Carlos
2025-05-30 19:18:04,930 - INFO - clinica_veterinaria - Se borro la información correctamente
2025-05-30 19:18:04,932 - INFO - clinica_veterinaria - Se ha registrado exitosamente el dueño Carlos
2025-05-30 19:18:04,932 - INFO - clinica_veterinaria - La mascota Firulais se ha creado exitosamente.
2025-05-30 19:18:04,933 - INFO - clinica_veterinaria - Intento de listar mascotas sin haber registrado ninguna.
2025-05-30 19:18:04,933 - INFO - clinica_veterinaria - Se ha registrado exitosamente el dueño Carlos
2025-05-30 19:18:04,933 - INFO - clinica_veterinaria - La mascota Firulais se ha creado exitosamente.
2025-05-30 19:18:04,933 - INFO - clinica_veterinaria - Se ha registrado exitosamente el dueño Carlos
2025-05-30 19:18:04,933 - INFO - clinica_veterinaria - La mascota Firulais se ha creado exitosamente.
2025-05-30 19:18:04,933 - INFO - clinica_veterinaria - La mascota Max se ha creado exitosamente.
2025-05-30 19:18:04,934 - INFO - clinica_veterinaria - Se ha registrado exitosamente el dueño Carlos
2025-05-30 19:18:04,934 - INFO - clinica_veterinaria - La mascota Firulais se ha creado exitosamente.
2025-05-30 19:18:04,934 - INFO - clinica_veterinaria - Se ha registrado exitosamente el dueño Carlos
2025-05-30 19:18:04,934 - INFO - clinica_veterinaria - La mascota Firulais se ha creado exitosamente.
2025-05-30 19:18:04,934 - INFO - clinica_veterinaria - Se ha registrado exitosamente el dueño Carlos
2025-05-30 19:18:04,934 - INFO - clinica_veterinaria - La mascota Firulais se ha creado exitosamente.
2025-05-30 19:18:04,934 - INFO - clinica_veterinaria - Se ha registrado exitosamente el dueño Carlos
2025-05-30 19:18:04,934 - INFO - clinica_veterinaria - La mascota Firulais se ha creado exitosamente.
2025-05-30 19:18:04,935 - INFO - clinica_veterinaria - Se ha registrado exitosamente el dueño Carlos
2025-05-30 19:18:04,935 - INFO - clinica_veterinaria - La mascota Firulais se ha creado exitosamente.
2025-05-30 19:18:04,935 - INFO - clinica_veterinaria - Se ha registrado exitosamente el dueño Carlos
2025-05-30 19:18:04,935 - INFO - clinica_veterinaria - La mascota Firulais se ha creado exitosamente.
2025-05-30 19:18:04,935 - INFO - clinica_veterinaria - Se ha registrado exitosamente el dueño Carlos
2025-05-30 19:18:04,935 - INFO - clinica_veterinaria - La mascota Firulais se ha creado exitosamente.
2025-05-30 19:18:04,935 - INFO - clinica_veterinaria - La mascota Firulais se ha creado exitosamente.
2025-05-30 19:25:17,157 - INFO - clinica_veterinaria - Se ha registrado exitosamente el dueño Juan pérez
2025-05-30 19:25:17,157 - INFO - clinica_veterinaria - La mascota Firulais se ha creado exitosamente.
2025-05-30 19:25:17,160 - INFO - clinica_veterinaria - La consulta se ha registrado correctamente.
2025-05-30 19:25:17,161 - INFO - clinica_veterinaria - Se ha registrado exitosamente el dueño Juan pérez
2025-05-30 19:25:17,161 - INFO - clinica_veterinaria - La mascota Firulais se ha creado exitosamente.
2025-05-30 19:25:17,162 - WARNING - clinica_veterinaria - Cuidado, intento de buscar mascota NoExiste sin nombre registrado.
2025-05-30 19:25:17,162 - INFO - clinica_veterinaria - Se ha registrado exitosamente el dueño Carlos
2025-05-30 19:25:17,164 - INFO - clinica_veterinaria - Se borro la información correctamente
2025-05-30 19:25:17,165 - INFO - clinica_veterinaria - Se ha registrado exitosamente el dueño Carlos
2025-05-30 19:25:17,165 - INFO - clinica_veterinaria - La mascota Firulais se ha creado exitosamente.
2025-05-30 19:25:17,166 - INFO - clinica_veterinaria - Intento de listar mascotas sin haber registrado ninguna.
2025-05-30 19:25:17,166 - INFO - clinica_veterinaria - Se ha registrado exitosamente el dueño Carlos
2025-05-30 19:25:17,166 - INFO - clinica_veterinaria - La mascota Firulais se ha creado exitosamente.
2025-05-30 19:25:17,166 - INFO - clinica_veterinaria - Se ha registrado exitosamente el dueño Carlos
2025-05-30 19:25:17,167 - INFO - clinica_veterinaria - La mascota Firulais se ha creado exitosamente.
2025-05-30 19:25:17,167 - INFO - clinica_veterinaria - La mascota Max se ha creado exitosamente.
2025-05-30 19:25:17,167 - INFO - clinica_veterinaria - Se ha registrado exitosamente el dueño Carlos
2025-05-30 19:25:17,167 - INFO - clinica_veterinaria - La mascota Firulais se ha creado exitosamente.
2025-05-30 19:25:17,167 - INFO - clinica_veterinaria - Se ha registrado exitosamente el dueño Carlos
2025-05-30 19:25:17,167 - INFO - clinica_veterinaria - La mascota Firulais se ha creado exitosamente.
2025-05-30 19:25:17,167 - INFO - clinica_veterinaria - Se ha registrado exitosamente el dueño Carlos
2025-05-30 19:25:17,167 - INFO - clinica_veterinaria - La mascota Firulais se ha creado exitosamente.
2025-05-30 19:25:17,167 - INFO - clinica_veterinaria - Se ha registrado exitosamente el dueño Carlos
2025-05-30 19:25:17,167 - INFO - clinica_veterinaria - La mascota Firulais se ha creado exitosamente.
2025-05-30 19:25:17,167 - INFO - clinica_veterinaria - Se ha registrado exitosamente el dueño Carlos
2025-05-30 19:25:17,167 - INFO - clinica_veterinaria - La mascota Firulais se ha creado exitosamente.
2025-05-30 19:25:17,167 - INFO - clinica_veterinaria - Se ha registrado exitosamente el dueño Carlos
2025-05-30 19:25:17,167 - INFO - clinica_veterinaria - La mascota Firulais se ha creado exitosamente.
2025-05-30 19:25:17,167 - INFO - clinica_veterinaria - Se ha registrado exitosamente el dueño Carlos
2025-05-30 19:25:17,167 - INFO - clinica_veterinaria - La mascota Firulais se ha creado exitosamente.
2025-05-30 19:25:17,167 - INFO - clinica_veterinaria - La mascota Firulais se ha creado exitosamente.
2025-05-30 19:25:30,073 - INFO - clinica_veterinaria - Se ha registrado exitosamente el dueño Juan pérez
2025-05-30 19:25:30,073 - INFO - clinica_veterinaria - La mascota Firulais se ha creado exitosamente.
2025-05-30 19:25:30,076 - INFO - clinica_veterinaria - La consulta se ha registrado correctamente.
2025-05-30 19:25:30,076 - INFO - clinica_veterinaria - Se ha registrado exitosamente el dueño Juan pérez
2025-05-30 19:25:30,076 - INFO - clinica_veterinaria - La mascota Firulais se ha creado exitosamente.
2025-05-30 19:25:30,077 - WARNING - clinica_veterinaria - Cuidado, intento de buscar mascota NoExiste sin nombre registrado.
2025-05-30 19:25:30,077 - INFO - clinica_veterinaria - Se ha registrado exitosamente el dueño Carlos
2025-05-30 19:25:30,079 - INFO - clinica_veterinaria - Se borro la información correctamente
2025-05-30 19:25:30,080 - INFO - clinica_veterinaria - Se ha registrado exitosamente el dueño Carlos
2025-05-30 19:25:30,081 - INFO - clinica_veterinaria - La mascota Firulais se ha creado exitosamente.
2025-05-30 19:25:30,081 - INFO - clinica_veterinaria - Intento de listar mascotas sin haber registrado ninguna.
2025-05-30 19:25:30,082 - INFO - clinica_veterinaria - Se ha registrado exitosamente el dueño Carlos
2025-05-30 19:25:30,082 - INFO - clinica_veterinaria - La mascota Firulais se ha creado exitosamente.
2025-05-30 19:25:30,082 - INFO - clinica_veterinaria - Se ha registrado exitosamente el dueño Carlos
2025-05-30 19:25:30,082 - INFO - clinica_veterinaria - La mascota Firulais se ha creado exitosamente.
2025-05-30 19:25:30,082 - INFO - clinica_veterinaria - La mascota Max se ha creado exitosamente.
2025-05-30 19:25:30,082 - INFO - clinica_veterinaria - Se ha registrado exitosamente el dueño Carlos
2025-05-30 19:25:30,082 - INFO - clinica_veterinaria - La mascota Firulais se ha creado exitosamente.
2025-05-30 19:25:30,082 - INFO - clinica_veterinaria - Se ha registrado exitosamente el dueño Carlos
2025-05-30 19:25:30,082 - INFO - clinica_veterinaria - La mascota Firulais se ha creado exitosamente.
2025-05-30 19:25:30,082 - INFO - clinica_veterinaria - Se ha registrado exitosamente el dueño Carlos
2025-05-30 19:25:30,082 - INFO - clinica_veterinaria - La mascota Firulais se ha creado exitosamente.
2025-05-30 19:25:30,082 - INFO - clinica_veterinaria - Se ha registrado exitosamente el dueño Carlos
2025-05-30 19:25:30,082 - INFO - clinica_veterinaria - La mascota Firulais se ha creado exitosamente.
2025-05-30 19:25:30,082 - INFO - clinica_veterinaria - Se ha registrado exitosamente el dueño Carlos
2025-05-30 19:25:30,082 - INFO - clinica_veterinaria - La mascota Firulais se ha creado exitosamente.
2025-05-30 19:25:30,082 - INFO - clinica_veterinaria - Se ha registrado exitosamente el dueño Carlos
2025-05-30 19:25:30,082 - INFO - clinica_veterinaria - La mascota Firulais se ha creado exitosamente.
2025-05-30 19:25:30,082 - INFO - clinica_veterinaria - Se ha registrado exitosamente el dueño Carlos
2025-05-30 19:25:30,082 - INFO - clinica_veterinaria - La mascota Firulais se ha creado exitosamente.
2025-05-30 19:25:30,082 - INFO - clinica_veterinaria - La mascota Firulais se ha creado exitosamente.
2025-05-30 19:25:31,946 - INFO - clinica_veterinaria - Se ha registrado exitosamente el dueño Juan pérez
2025-05-30 19:25:31,946 - INFO - clinica_veterinaria - La mascota Firulais se ha creado exitosamente.
2025-05-30 19:25:31,949 - INFO - clinica_veterinaria - La consulta se ha registrado correctamente.
2025-05-30 19:25:31,950 - INFO - clinica_veterinaria - Se ha registrado exitosamente el dueño Juan pérez
2025-05-30 19:25:31,950 - INFO - clinica_veterinaria - La mascota Firulais se ha creado exitosamente.
2025-05-30 19:25:31,951 - WARNING - clinica_veterinaria - Cuidado, intento de buscar mascota NoExiste sin nombre registrado.
2025-05-30 19:25:31,951 - INFO - clinica_veterinaria - Se ha registrado exitosamente el dueño Carlos
2025-05-30 19:25:31,953 - INFO - clinica_veterinaria - Se borro la información correctamente
2025-05-30 19:25:31,954 - INFO - clinica_veterinaria - Se ha registrado exitosamente el dueño Carlos
2025-05-30 19:25:31,954 - INFO - clinica_veterinaria - La mascota Firulais se ha creado exitosamente.
2025-05-30 19:25:31,955 - INFO - clinica_veterinaria - Intento de listar mascotas sin haber registrado ninguna.
2025-05-30 19:25:31,955 - INFO - clinica_veterinaria - Se ha registrado exitosamente el dueño Carlos
2025-05-30 19:25:31,955 - INFO - clinica_veterinaria - La mascota Firulais se ha creado exitosamente.
2025-05-30 19:25:31,956 - INFO - clinica_veterinaria - Se ha registrado exitosamente el dueño Carlos
2025-05-30 19:25:31,956 - INFO - clinica_veterinaria - La mascota Firulais se ha creado exitosamente.
2025-05-30 19:25:31,956 - INFO - clinica_veterinaria - La mascota Max se ha creado exitosamente.
2025-05-30 19:25:31,956 - INFO - clinica_veterinaria - Se ha registrado exitosamente el dueño Carlos
2025-05-30 19:25:31,956 - INFO - clinica_veterinaria - La mascota Firulais se ha creado exitosamente.
2025-05-30 19:25:31,956 - INFO - clinica_veterinaria - Se ha registrado exitosamente el dueño Carlos
2025-05-30 19:25:31,956 - INFO - clinica_veterinaria - La mascota Firulais se ha creado exitosamente.
2025-05-30 19:25:31,957 - INFO - clinica_veterinaria - Se ha registrado exitosamente el dueño Carlos
2025-05-30 19:25:31,957 - INFO - clinica_veterinaria - La mascota Firulais se ha creado exitosamente.
2025-05-30 19:25:31,957 - INFO - clinica_veterinaria - Se ha registrado exitosamente el dueño Carlos
2025-05-30 19:25:31,957 - INFO - clinica_veterinaria - La mascota Firulais se ha creado exitosamente.
2025-05-30 19:25:31,957 - INFO - clinica_veterinaria - Se ha registrado exitosamente el dueño Carlos
2025-05-30 19:25:31,957 - INFO - clinica_veterinaria - La mascota Firulais se ha creado exitosamente.
2025-05-30 19:25:31,958 - INFO - clinica_veterinaria - Se ha registrado exitosamente el dueño Carlos
2025-05-30 19:25:31,958 - INFO - clinica_veterinaria - La mascota Firulais se ha creado exitosamente.
2025-05-30 19:25:31,958 - INFO - clinica_veterinaria - Se ha registrado exitosamente el dueño Carlos
2025-05-30 19:25:31,958 - INFO - clinica_veterinaria - La mascota Firulais se ha creado exitosamente.
2025-05-30 19:25:31,958 - INFO - clinica_veterinaria - La mascota Firulais se ha creado exitosamente.
2025-05-30 19:25:33,216 - INFO - clinica_veterinaria - Se ha registrado exitosamente el dueño Juan pérez
2025-05-30 19:25:33,216 - INFO - clinica_veterinaria - La mascota Firulais se ha creado exitosamente.
2025-05-30 19:25:33,219 - INFO - clinica_veterinaria - La consulta se ha registrado correctamente.
2025-05-30 19:25:33,220 - INFO - clinica_veterinaria - Se ha registrado exitosamente el dueño Juan pérez
2025-05-30 19:25:33,220 - INFO - clinica_veterinaria - La mascota Firulais se ha creado exitosamente.
2025-05-30 19:25:33,220 - WARNING - clinica_veterinaria - Cuidado, intento de buscar mascota NoExiste sin nombre registrado.
2025-05-30 19:25:33,221 - INFO - clinica_veterinaria - Se ha registrado exitosamente el dueño Carlos
2025-05-30 19:25:33,223 - INFO - clinica_veterinaria - Se borro la información correctamente
2025-05-30 19:25:33,224 - INFO - clinica_veterinaria - Se ha registrado exitosamente el dueño Carlos
2025-05-30 19:25:33,224 - INFO - clinica_veterinaria - La mascota Firulais se ha creado exitosamente.
2025-05-30 19:25:33,225 - INFO - clinica_veterinaria - Intento de listar mascotas sin haber registrado ninguna.
2025-05-30 19:25:33,226 - INFO - clinica_veterinaria - Se ha registrado exitosamente el dueño Carlos
2025-05-30 19:25:33,226 - INFO - clinica_veterinaria - La mascota Firulais se ha creado exitosamente.
2025-05-30 19:25:33,226 - INFO - clinica_veterinaria - Se ha registrado exitosamente el dueño Carlos
2025-05-30 19:25:33,226 - INFO - clinica_veterinaria - La mascota Firulais se ha creado exitosamente.
2025-05-30 19:25:33,226 - INFO - clinica_veterinaria - La mascota Max se ha creado exitosamente.
2025-05-30 19:25:33,226 - INFO - clinica_veterinaria - Se ha registrado exitosamente el dueño Carlos
2025-05-30 19:25:33,226 - INFO - clinica_veterinaria - La mascota Firulais se ha creado exitosamente.
2025-05-30 19:25:33,226 - INFO - clinica_veterinaria - Se ha registrado exitosamente el dueño Carlos
2025-05-30 19:25:33,226 - INFO - clinica_veterinaria - La mascota Firulais se ha creado exitosamente.
2025-05-30 19:25:33,227 - INFO - clinica_veterinaria - Se ha registrado exitosamente el dueño Carlos
2025-05-30 19:25:33,227 - INFO - clinica_veterinaria - La mascota Firulais se ha creado exitosamente.
2025-05-30 19:25:33,227 - INFO - clinica_veterinaria - Se ha registrado exitosamente el dueño Carlos
2025-05-30 19:25:33,227 - INFO - clinica_veterinaria - La mascota Firulais se ha creado exitosamente.
2025-05-30 19:25:33,227 - INFO - clinica_veterinaria - Se ha registrado exitosamente el dueño Carlos
2025-05-30 19:25:33,227 - INFO - clinica_veterinaria - La mascota Firulais se ha creado exitosamente.
2025-05-30 19:25:33,227 - INFO - clinica_veterinaria - Se ha registrado exitosamente el dueño Carlos
2025-05-30 19:25:33,227 - INFO - clinica_veterinaria - La mascota Firulais se ha creado exitosamente.
2025-05-30 19:25:33,228 - INFO - clinica_veterinaria - Se ha registrado exitosamente el dueño Carlos
2025-05-30 19:25:33,228 - INFO - clinica_veterinaria - La mascota Firulais se ha creado exitosamente.
2025-05-30 19:25:33,228 - INFO - clinica_veterinaria - La mascota Firulais se ha creado exitosamente.
2025-05-30 19:25:34,409 - INFO - clinica_veterinaria - Se ha registrado exitosamente el dueño Juan pérez
2025-05-30 19:25:34,410 - INFO - clinica_veterinaria - La mascota Firulais se ha creado exitosamente.
2025-05-30 19:25:34,413 - INFO - clinica_veterinaria - La consulta se ha registrado correctamente.
2025-05-30 19:25:34,414 - INFO - clinica_veterinaria - Se ha registrado exitosamente el dueño Juan pérez
2025-05-30 19:25:34,414 - INFO - clinica_veterinaria - La mascota Firulais se ha creado exitosamente.
2025-05-30 19:25:34,414 - WARNING - clinica_veterinaria - Cuidado, intento de buscar mascota NoExiste sin nombre registrado.
2025-05-30 19:25:34,415 - INFO - clinica_veterinaria - Se ha registrado exitosamente el dueño Carlos
2025-05-30 19:25:34,416 - INFO - clinica_veterinaria - Se borro la información correctamente
2025-05-30 19:25:34,418 - INFO - clinica_veterinaria - Se ha registrado exitosamente el dueño Carlos
2025-05-30 19:25:34,418 - INFO - clinica_veterinaria - La mascota Firulais se ha creado exitosamente.
2025-05-30 19:25:34,419 - INFO - clinica_veterinaria - Intento de listar mascotas sin haber registrado ninguna.
2025-05-30 19:25:34,419 - INFO - clinica_veterinaria - Se ha registrado exitosamente el dueño Carlos
2025-05-30 19:25:34,419 - INFO - clinica_veterinaria - La mascota Firulais se ha creado exitosamente.
2025-05-30 19:25:34,419 - INFO - clinica_veterinaria - Se ha registrado exitosamente el dueño Carlos
2025-05-30 19:25:34,419 - INFO - clinica_veterinaria - La mascota Firulais se ha creado exitosamente.
2025-05-30 19:25:34,419 - INFO - clinica_veterinaria - La mascota Max se ha creado exitosamente.
2025-05-30 19:25:34,419 - INFO - clinica_veterinaria - Se ha registrado exitosamente el dueño Carlos
2025-05-30 19:25:34,420 - INFO - clinica_veterinaria - La mascota Firulais se ha creado exitosamente.
2025-05-30 19:25:34,420 - INFO - clinica_veterinaria - Se ha registrado exitosamente el dueño Carlos
2025-05-30 19:25:34,420 - INFO - clinica_veterinaria - La mascota Firulais se ha creado exitosamente.
2025-05-30 19:25:34,420 - INFO - clinica_veterinaria - Se ha registrado exitosamente el dueño Carlos
2025-05-30 19:25:34,420 - INFO - clinica_veterinaria - La mascota Firulais se ha creado exitosamente.
2025-05-30 19:25:34,420 - INFO - clinica_veterinaria - Se ha registrado exitosamente el dueño Carlos
2025-05-30 19:25:34,420 - INFO - clinica_veterinaria - La mascota Firulais se ha creado exitosamente.
2025-05-30 19:25:34,420 - INFO - clinica_veterinaria - Se ha registrado exitosamente el dueño Carlos
2025-05-30 19:25:34,421 - INFO - clinica_veterinaria - La mascota Firulais se ha creado exitosamente.
2025-05-30 19:25:34,421 - INFO - clinica_veterinaria - Se ha registrado exitosamente el dueño Carlos
2025-05-30 19:25:34,421 - INFO - clinica_veterinaria - La mascota Firulais se ha creado exitosamente.
2025-05-30 19:25:34,421 - INFO - clinica_veterinaria - Se ha registrado exitosamente el dueño Carlos
2025-05-30 19:25:34,421 - INFO - clinica_veterinaria - La mascota Firulais se ha creado exitosamente.
2025-05-30 19:25:34,421 - INFO - clinica_veterinaria - La mascota Firulais se ha creado exitosamente.
2025-05-30 19:25:35,489 - INFO - clinica_veterinaria - Se ha registrado exitosamente el dueño Juan pérez
2025-05-30 19:25:35,489 - INFO - clinica_veterinaria - La mascota Firulais se ha creado exitosamente.
2025-05-30 19:25:35,492 - INFO - clinica_veterinaria - La consulta se ha registrado correctamente.
2025-05-30 19:25:35,493 - INFO - clinica_veterinaria - Se ha registrado exitosamente el dueño Juan pérez
2025-05-30 19:25:35,493 - INFO - clinica_veterinaria - La mascota Firulais se ha creado exitosamente.
2025-05-30 19:25:35,494 - WARNING - clinica_veterinaria - Cuidado, intento de buscar mascota NoExiste sin nombre registrado.
2025-05-30 19:25:35,494 - INFO - clinica_veterinaria - Se ha registrado exitosamente el dueño Carlos
2025-05-30 19:25:35,495 - INFO - clinica_veterinaria - Se borro la información correctamente
2025-05-30 19:25:35,496 - INFO - clinica_veterinaria - Se ha registrado exitosamente el dueño Carlos
2025-05-30 19:25:35,496 - INFO - clinica_veterinaria - La mascota Firulais se ha creado exitosamente.
2025-05-30 19:25:35,497 - INFO - clinica_veterinaria - Intento de listar mascotas sin haber registrado ninguna.
2025-05-30 19:25:35,497 - INFO - clinica_veterinaria - Se ha registrado exitosamente el dueño Carlos
2025-05-30 19:25:35,497 - INFO - clinica_veterinaria - La mascota Firulais se ha creado exitosamente.
2025-05-30 19:25:35,497 - INFO - clinica_veterinaria - Se ha registrado exitosamente el dueño Carlos
2025-05-30 19:25:35,498 - INFO - clinica_veterinaria - La mascota Firulais se ha creado exitosamente.
2025-05-30 19:25:35,498 - INFO - clinica_veterinaria - La mascota Max se ha creado exitosamente.
2025-05-30 19:25:35,498 - INFO - clinica_veterinaria - Se ha registrado exitosamente el dueño Carlos
2025-05-30 19:25:35,498 - INFO - clinica_veterinaria - La mascota Firulais se ha creado exitosamente.
2025-05-30 19:25:35,498 - INFO - clinica_veterinaria - Se ha registrado exitosamente el dueño Carlos
2025-05-30 19:25:35,498 - INFO - clinica_veterinaria - La mascota Firulais se ha creado exitosamente.
2025-05-30 19:25:35,498 - INFO - clinica_veterinaria - Se ha registrado exitosamente el dueño Carlos
2025-05-30 19:25:35,498 - INFO - clinica_veterinaria - La mascota Firulais se ha creado exitosamente.
2025-05-30 19:25:35,498 - INFO - clinica_veterinaria - Se ha registrado exitosamente el dueño Carlos
2025-05-30 19:25:35,498 - INFO - clinica_veterinaria - La mascota Firulais se ha creado exitosamente.
2025-05-30 19:25:35,498 - INFO - clinica_veterinaria - Se ha registrado exitosamente el dueño Carlos
2025-05-30 19:25:35,498 - INFO - clinica_veterinaria - La mascota Firulais se ha creado exitosamente.
2025-05-30 19:25:35,498 - INFO - clinica_veterinaria - Se ha registrado exitosamente el dueño Carlos
2025-05-30 19:25:35,498 - INFO - clinica_veterinaria - La mascota Firulais se ha creado exitosamente.
2025-05-30 19:25:35,498 - INFO - clinica_veterinaria - Se ha registrado exitosamente el dueño Carlos
2025-05-30 19:25:35,498 - INFO - clinica_veterinaria - La mascota Firulais se ha creado exitosamente.
2025-05-30 19:25:35,498 - INFO - clinica_veterinaria - La mascota Firulais se ha creado exitosamente.
2025-05-30 19:25:36,521 - INFO - clinica_veterinaria - Se ha registrado exitosamente el dueño Juan pérez
2025-05-30 19:25:36,521 - INFO - clinica_veterinaria - La mascota Firulais se ha creado exitosamente.
2025-05-30 19:25:36,524 - INFO - clinica_veterinaria - La consulta se ha registrado correctamente.
2025-05-30 19:25:36,525 - INFO - clinica_veterinaria - Se ha registrado exitosamente el dueño Juan pérez
2025-05-30 19:25:36,525 - INFO - clinica_veterinaria - La mascota Firulais se ha creado exitosamente.
2025-05-30 19:25:36,525 - WARNING - clinica_veterinaria - Cuidado, intento de buscar mascota NoExiste sin nombre registrado.
2025-05-30 19:25:36,525 - INFO - clinica_veterinaria - Se ha registrado exitosamente el dueño Carlos
2025-05-30 19:25:36,527 - INFO - clinica_veterinaria - Se borro la información correctamente
2025-05-30 19:25:36,528 - INFO - clinica_veterinaria - Se ha registrado exitosamente el dueño Carlos
2025-05-30 19:25:36,528 - INFO - clinica_veterinaria - La mascota Firulais se ha creado exitosamente.
2025-05-30 19:25:36,529 - INFO - clinica_veterinaria - Intento de listar mascotas sin haber registrado ninguna.
2025-05-30 19:25:36,529 - INFO - clinica_veterinaria - Se ha registrado exitosamente el dueño Carlos
2025-05-30 19:25:36,529 - INFO - clinica_veterinaria - La mascota Firulais se ha creado exitosamente.
2025-05-30 19:25:36,529 - INFO - clinica_veterinaria - Se ha registrado exitosamente el dueño Carlos
2025-05-30 19:25:36,529 - INFO - clinica_veterinaria - La mascota Firulais se ha creado exitosamente.
2025-05-30 19:25:36,529 - INFO - clinica_veterinaria - La mascota Max se ha creado exitosamente.
2025-05-30 19:25:36,529 - INFO - clinica_veterinaria - Se ha registrado exitosamente el dueño Carlos
2025-05-30 19:25:36,529 - INFO - clinica_veterinaria - La mascota Firulais se ha creado exitosamente.
2025-05-30 19:25:36,529 - INFO - clinica_veterinaria - Se ha registrado exitosamente el dueño Carlos
2025-05-30 19:25:36,529 - INFO - clinica_veterinaria - La mascota Firulais se ha creado exitosamente.
2025-05-30 19:25:36,529 - INFO - clinica_veterinaria - Se ha registrado exitosamente el dueño Carlos
2025-05-30 19:25:36,530 - INFO - clinica_veterinaria - La mascota Firulais se ha creado exitosamente.
2025-05-30 19:25:36,530 - INFO - clinica_veterinaria - Se ha registrado exitosamente el dueño Carlos
2025-05-30 19:25:36,530 - INFO - clinica_veterinaria - La mascota Firulais se ha creado exitosamente.
2025-05-30 19:25:36,530 - INFO - clinica_veterinaria - Se ha registrado exitosamente el dueño Carlos
2025-05-30 19:25:36,530 - INFO - clinica_veterinaria - La mascota Firulais se ha creado exitosamente.
2025-05-30 19:25:36,530 - INFO - clinica_veterinaria - Se ha registrado exitosamente el dueño Carlos
2025-05-30 19:25:36,530 - INFO - clinica_veterinaria - La mascota Firulais se ha creado exitosamente.
2025-05-30 19:25:36,530 - INFO - clinica_veterinaria - Se ha registrado exitosamente el dueño Carlos
2025-05-30 19:25:36,530 - INFO - clinica_veterinaria - La mascota Firulais se ha creado exitosamente.
2025-05-30 19:25:36,530 - INFO - clinica_veterinaria - La mascota Firulais se ha creado exitosamente.
